#
# A fatal error has been detected by the Java Runtime Environment:
#
#  EXCEPTION_ACCESS_VIOLATION (0xc0000005) at pc=0x00007ff99b3f880f, pid=28272, tid=27340
#
# JRE version: Java(TM) SE Runtime Environment (9.0+11) (build 9.0.4+11)
# Java VM: Java HotSpot(TM) 64-Bit Server VM (9.0.4+11, mixed mode, tiered, compressed oops, g1 gc, windows-amd64)
# Problematic frame:
# C  [librdi_common.dll+0x17880f]
#
# No core dump will be written. Minidumps are not enabled by default on client versions of Windows
#
# If you would like to submit a bug report, please visit:
#   http://bugreport.java.com/bugreport/crash.jsp
# The crash happened outside the Java Virtual Machine in native code.
# See problematic frame for where to report the bug.
#

---------------  S U M M A R Y ------------

Command Line: -Dsun.java2d.pmoffscreen=false -Dsun.java2d.xrender=false -Dsun.java2d.d3d=false -Dsun.awt.nopixfmt=true -Dsun.java2d.dpiaware=true -Dsun.java2d.uiScale.enabled=false -Xverify:none -Dswing.aatext=true -XX:-UsePerfData -Djdk.map.althashing.threshold=512 -XX:StringTableSize=4072 --add-opens=java.base/java.nio=ALL-UNNAMED --add-opens=java.desktop/sun.swing=ALL-UNNAMED --add-opens=java.desktop/javax.swing=ALL-UNNAMED --add-opens=java.desktop/javax.swing.tree=ALL-UNNAMED --add-opens=java.desktop/javax.swing.plaf.basic=ALL-UNNAMED --add-opens=java.desktop/javax.swing.plaf.synth=ALL-UNNAMED --add-opens=java.desktop/com.sun.awt=ALL-UNNAMED -XX:NewSize=60m -XX:MaxNewSize=60m -Xms128m -Xmx3072m -Xss5m 

Host: Intel(R) Core(TM) i7-10870H CPU @ 2.20GHz, 16 cores, 15G,  Windows 10 , 64 bit Build 22621 (10.0.22621.2506)
Time: Fri Dec 22 15:26:59 2023 ?D1¨²¡À¨º¡Á?¨º¡À?? elapsed time: 1349 seconds (0d 0h 22m 29s)

---------------  T H R E A D  ---------------

Current thread (0x000001c30bdac000):  JavaThread "AWT-EventQueue-1" [_thread_in_native, id=27340, stack(0x00000016ee000000,0x00000016ee500000)]

Stack: [0x00000016ee000000,0x00000016ee500000],  sp=0x00000016ee4f3ac0,  free space=5070k
Native frames: (J=compiled Java code, j=interpreted, Vv=VM code, C=native code)
C  [librdi_common.dll+0x17880f]
C  [librdi_common.dll+0x81bcd]
C  [librdi_wavedata.dll+0x12c1ba]
C  [librdi_wavedata.dll+0x1471d2]
C  [librdi_wavedata.dll+0x1d9bee]
C  [librdi_wavedata.dll+0x1d9b0f]
C  [librdi_wavedata.dll+0x200ba4]
C  [librdi_wavedata.dll+0x2008a2]
C  [librdi_wavedata.dll+0x25d1fb]
C  [librdi_wavedata.dll+0x25eba3]
C  [librdi_wavedata.dll+0x237fb3]
C  [librdi_wavedata.dll+0x238032]
C  [librdi_wavedata.dll+0x2380d1]
C  [librdi_wavedata.dll+0x25e068]
C  [librdi_wavedata.dll+0x22e666]
C  [librdi_wavedata.dll+0x22e595]
C  [librdi_wavedata.dll+0x26a2bf]
C  0x000001c31d2e84ba

Java frames: (J=compiled Java code, j=interpreted, Vv=VM code)
J 18070  ui.views.waveform.waveformi.WVExecutive_getGraphicsDataSize(J)J (0 bytes) @ 0x000001c31d2e8421 [0x000001c31d2e83e0+0x0000000000000041]
J 18069 c1 ui.views.waveform.executive.a.gzW()Ljava/io/ByteArrayInputStream; (93 bytes) @ 0x000001c31575b32c [0x000001c31575b240+0x00000000000000ec]
J 18068 c1 ui.views.waveform.b.a.gzJ()V (142 bytes) @ 0x000001c31590e734 [0x000001c31590e620+0x0000000000000114]
J 20069 c1 ui.views.waveform.w.cPh()V (38 bytes) @ 0x000001c3177ff46c [0x000001c3177fed00+0x000000000000076c]
J 18026 c1 ui.views.waveform.c.b.j(Lui/frmwork/b/i;)V (589 bytes) @ 0x000001c3165a7dbc [0x000001c3165a12a0+0x0000000000006b1c]
J 18025 c1 ui.views.waveform.w.a(Lui/frmwork/b/i;)V (17 bytes) @ 0x000001c315377b94 [0x000001c315377ac0+0x00000000000000d4]
J 22458 c2 ui.frmwork.HTclEventBroker.i(JZ)V (471 bytes) @ 0x000001c31d7db65c [0x000001c31d7da660+0x0000000000000ffc]
J 14767 c1 ui.frmwork.HTclEventBroker.fireTclEvent(J)I (113 bytes) @ 0x000001c3161db8cc [0x000001c3161db0c0+0x000000000000080c]
v  ~StubRoutines::call_stub
j  ui.views.waveform.waveformi.WVExecutive_setViewportSize(JII)V+0
j  ui.views.waveform.executive.a.ez(II)V+62
j  ui.views.waveform.c.b.gzM()V+131
j  ui.views.waveform.v.componentResized(Ljava/awt/event/ComponentEvent;)V+10
J 22257 c1 java.awt.AWTEventMulticaster.componentResized(Ljava/awt/event/ComponentEvent;)V java.desktop@9.0.4 (27 bytes) @ 0x000001c316096e44 [0x000001c316096a80+0x00000000000003c4]
J 22518 c2 java.awt.Component.processComponentEvent(Ljava/awt/event/ComponentEvent;)V java.desktop@9.0.4 (82 bytes) @ 0x000001c31d80b38c [0x000001c31d80b320+0x000000000000006c]
J 13421 c2 java.awt.Container.processEvent(Ljava/awt/AWTEvent;)V java.desktop@9.0.4 (22 bytes) @ 0x000001c31c78cb68 [0x000001c31c78c9a0+0x00000000000001c8]
J 22364 c2 java.awt.Component.dispatchEventImpl(Ljava/awt/AWTEvent;)V java.desktop@9.0.4 (739 bytes) @ 0x000001c31d7a2c94 [0x000001c31d7a2320+0x0000000000000974]
J 22749 c2 java.awt.Container.dispatchEventImpl(Ljava/awt/AWTEvent;)V java.desktop@9.0.4 (129 bytes) @ 0x000001c31d8784a8 [0x000001c31d878440+0x0000000000000068]
J 18736 c2 java.awt.EventQueue$3.run()Ljava/lang/Void; java.desktop@9.0.4 (60 bytes) @ 0x000001c31d3f71bc [0x000001c31d3f7000+0x00000000000001bc]
J 18756 c2 java.awt.EventQueue$3.run()Ljava/lang/Object; java.desktop@9.0.4 (5 bytes) @ 0x000001c31d418154 [0x000001c31d418120+0x0000000000000034]
v  ~StubRoutines::call_stub
J 3342  java.security.AccessController.doPrivileged(Ljava/security/PrivilegedAction;Ljava/security/AccessControlContext;)Ljava/lang/Object; java.base@9.0.4 (0 bytes) @ 0x000001c31c5052c6 [0x000001c31c505260+0x0000000000000066]
J 18958 c2 java.awt.EventQueue$4.run()Ljava/lang/Object; java.desktop@9.0.4 (5 bytes) @ 0x000001c31d48c5c0 [0x000001c31d48c360+0x0000000000000260]
v  ~StubRoutines::call_stub
J 3342  java.security.AccessController.doPrivileged(Ljava/security/PrivilegedAction;Ljava/security/AccessControlContext;)Ljava/lang/Object; java.base@9.0.4 (0 bytes) @ 0x000001c31c5052c6 [0x000001c31c505260+0x0000000000000066]
J 14406 c2 ui.frmwork.b.d.dispatchEvent(Ljava/awt/AWTEvent;)V (34 bytes) @ 0x000001c31c5d321c [0x000001c31c5d2ea0+0x000000000000037c]
J 22645 c2 java.awt.EventDispatchThread.pumpOneEventForFilters(I)V java.desktop@9.0.4 (218 bytes) @ 0x000001c31ccf3854 [0x000001c31ccf3500+0x0000000000000354]
J 21589 c1 java.awt.EventDispatchThread.pumpEventsForFilter(ILjava/awt/Conditional;Ljava/awt/EventFilter;)V java.desktop@9.0.4 (47 bytes) @ 0x000001c3153b0c8c [0x000001c3153b09a0+0x00000000000002ec]
j  java.awt.EventDispatchThread.pumpEventsForFilter(Ljava/awt/Conditional;Ljava/awt/EventFilter;)V+4 java.desktop@9.0.4
j  java.awt.WaitDispatchSupport$2.run()V+59 java.desktop@9.0.4
j  java.awt.WaitDispatchSupport$4.run()Ljava/lang/Void;+4 java.desktop@9.0.4
j  java.awt.WaitDispatchSupport$4.run()Ljava/lang/Object;+1 java.desktop@9.0.4
v  ~StubRoutines::call_stub
J 1079  java.security.AccessController.doPrivileged(Ljava/security/PrivilegedAction;)Ljava/lang/Object; java.base@9.0.4 (0 bytes) @ 0x000001c31c3724b2 [0x000001c31c372460+0x0000000000000052]
j  java.awt.WaitDispatchSupport.enter()Z+260 java.desktop@9.0.4
j  java.awt.Dialog.show()V+225 java.desktop@9.0.4
J 10173 c1 java.awt.Component.setVisible(Z)V java.desktop@9.0.4 (6 bytes) @ 0x000001c314ecf4cc [0x000001c314ecf2e0+0x00000000000001ec]
j  java.awt.Window.setVisible(Z)V+2 java.desktop@9.0.4
j  java.awt.Dialog.setVisible(Z)V+2 java.desktop@9.0.4
j  ui.b.c.g.setVisible(Z)V+2
j  ui.b.c.bx.showDialog()V+64
j  ui.b.c.bE.actionPerformed(Ljava/awt/event/ActionEvent;)V+8
j  ui.b.c.bx.cHE()V+396
j  ui.views.c.s.b.a.run()V+60
j  ui.frmwork.a.dTt()Z+66
j  ui.frmwork.V.dVd()V+42
j  ui.bk.actionPerformed(Ljava/awt/event/ActionEvent;)V+25
j  javax.swing.AbstractButton.fireActionPerformed(Ljava/awt/event/ActionEvent;)V+84 java.desktop@9.0.4
j  ui.utils.o.b.B.fireActionPerformed(Ljava/awt/event/ActionEvent;)V+7
j  javax.swing.AbstractButton$Handler.actionPerformed(Ljava/awt/event/ActionEvent;)V+5 java.desktop@9.0.4
j  javax.swing.DefaultButtonModel.fireActionPerformed(Ljava/awt/event/ActionEvent;)V+34 java.desktop@9.0.4
j  javax.swing.DefaultButtonModel.setPressed(Z)V+117 java.desktop@9.0.4
j  javax.swing.plaf.basic.BasicButtonListener.mouseReleased(Ljava/awt/event/MouseEvent;)V+35 java.desktop@9.0.4
j  com.jidesoft.plaf.basic.BasicJideButtonListener.mouseReleased(Ljava/awt/event/MouseEvent;)V+61
J 20024 c1 java.awt.AWTEventMulticaster.mouseReleased(Ljava/awt/event/MouseEvent;)V java.desktop@9.0.4 (27 bytes) @ 0x000001c3177eae8c [0x000001c3177eac80+0x000000000000020c]
J 20024 c1 java.awt.AWTEventMulticaster.mouseReleased(Ljava/awt/event/MouseEvent;)V java.desktop@9.0.4 (27 bytes) @ 0x000001c3177eae8c [0x000001c3177eac80+0x000000000000020c]
J 20024 c1 java.awt.AWTEventMulticaster.mouseReleased(Ljava/awt/event/MouseEvent;)V java.desktop@9.0.4 (27 bytes) @ 0x000001c3177eae8c [0x000001c3177eac80+0x000000000000020c]
J 20024 c1 java.awt.AWTEventMulticaster.mouseReleased(Ljava/awt/event/MouseEvent;)V java.desktop@9.0.4 (27 bytes) @ 0x000001c3177eae8c [0x000001c3177eac80+0x000000000000020c]
J 16836 c1 java.awt.Component.processMouseEvent(Ljava/awt/event/MouseEvent;)V java.desktop@9.0.4 (100 bytes) @ 0x000001c3163d5db4 [0x000001c3163d5a20+0x0000000000000394]
J 16835 c1 javax.swing.JComponent.processMouseEvent(Ljava/awt/event/MouseEvent;)V java.desktop@9.0.4 (27 bytes) @ 0x000001c3163953ec [0x000001c3163951e0+0x000000000000020c]
J 13421 c2 java.awt.Container.processEvent(Ljava/awt/AWTEvent;)V java.desktop@9.0.4 (22 bytes) @ 0x000001c31c78cac0 [0x000001c31c78c9a0+0x0000000000000120]
J 22364 c2 java.awt.Component.dispatchEventImpl(Ljava/awt/AWTEvent;)V java.desktop@9.0.4 (739 bytes) @ 0x000001c31d7a2c94 [0x000001c31d7a2320+0x0000000000000974]
J 22749 c2 java.awt.Container.dispatchEventImpl(Ljava/awt/AWTEvent;)V java.desktop@9.0.4 (129 bytes) @ 0x000001c31d8784a8 [0x000001c31d878440+0x0000000000000068]
J 20613 c2 java.awt.LightweightDispatcher.retargetMouseEvent(Ljava/awt/Component;ILjava/awt/event/MouseEvent;)V java.desktop@9.0.4 (350 bytes) @ 0x000001c31d65b3d4 [0x000001c31d65ae20+0x00000000000005b4]
J 22749 c2 java.awt.Container.dispatchEventImpl(Ljava/awt/AWTEvent;)V java.desktop@9.0.4 (129 bytes) @ 0x000001c31d878d50 [0x000001c31d878440+0x0000000000000910]
J 19416 c2 java.awt.Window.dispatchEventImpl(Ljava/awt/AWTEvent;)V java.desktop@9.0.4 (23 bytes) @ 0x000001c31c8e970c [0x000001c31c8e96c0+0x000000000000004c]
J 18736 c2 java.awt.EventQueue$3.run()Ljava/lang/Void; java.desktop@9.0.4 (60 bytes) @ 0x000001c31d3f71bc [0x000001c31d3f7000+0x00000000000001bc]
J 18756 c2 java.awt.EventQueue$3.run()Ljava/lang/Object; java.desktop@9.0.4 (5 bytes) @ 0x000001c31d418154 [0x000001c31d418120+0x0000000000000034]
v  ~StubRoutines::call_stub
J 3342  java.security.AccessController.doPrivileged(Ljava/security/PrivilegedAction;Ljava/security/AccessControlContext;)Ljava/lang/Object; java.base@9.0.4 (0 bytes) @ 0x000001c31c5052c6 [0x000001c31c505260+0x0000000000000066]
J 18958 c2 java.awt.EventQueue$4.run()Ljava/lang/Object; java.desktop@9.0.4 (5 bytes) @ 0x000001c31d48c5c0 [0x000001c31d48c360+0x0000000000000260]
v  ~StubRoutines::call_stub
J 3342  java.security.AccessController.doPrivileged(Ljava/security/PrivilegedAction;Ljava/security/AccessControlContext;)Ljava/lang/Object; java.base@9.0.4 (0 bytes) @ 0x000001c31c5052c6 [0x000001c31c505260+0x0000000000000066]
J 14406 c2 ui.frmwork.b.d.dispatchEvent(Ljava/awt/AWTEvent;)V (34 bytes) @ 0x000001c31c5d321c [0x000001c31c5d2ea0+0x000000000000037c]
J 22645 c2 java.awt.EventDispatchThread.pumpOneEventForFilters(I)V java.desktop@9.0.4 (218 bytes) @ 0x000001c31ccf3854 [0x000001c31ccf3500+0x0000000000000354]
J 21567% c1 java.awt.EventDispatchThread.pumpEventsForFilter(ILjava/awt/Conditional;Ljava/awt/EventFilter;)V java.desktop@9.0.4 (47 bytes) @ 0x000001c3153a49e4 [0x000001c3153a46a0+0x0000000000000344]
j  java.awt.EventDispatchThread.pumpEventsForHierarchy(ILjava/awt/Conditional;Ljava/awt/Component;)V+11 java.desktop@9.0.4
j  java.awt.EventDispatchThread.pumpEvents(ILjava/awt/Conditional;)V+4 java.desktop@9.0.4
j  java.awt.EventDispatchThread.pumpEvents(Ljava/awt/Conditional;)V+3 java.desktop@9.0.4
j  java.awt.EventDispatchThread.run()V+9 java.desktop@9.0.4
v  ~StubRoutines::call_stub

siginfo: EXCEPTION_ACCESS_VIOLATION (0xc0000005), reading address 0xffffffffffffffff


Register to memory mapping:

RIP=0x00007ff99b3f880f librdi_common.dll
RAX=0x000001c304020c01 is an unknown value
RBX=0x00000016ee4f3b80 is pointing into the stack for thread: 0x000001c30bdac000
RCX=0x000001c304020cc0 is an unknown value
RDX=0x8000e3c31bc2b759 is an unknown value
RSP=0x00000016ee4f3ac0 is pointing into the stack for thread: 0x000001c30bdac000
RBP=0x00000016ee4f3cc0 is pointing into the stack for thread: 0x000001c30bdac000
RSI=0x0000000000000000 is an unknown value
RDI=0x8000e3c31bc2b759 is an unknown value
R8 =0x00007ff98039a398 librdi_wavedata.dll
R9 =0x000001c3398dec90 is an unknown value
R10=0x0000000000000400 is an unknown value
R11=0x00000016ee4f3b48 is pointing into the stack for thread: 0x000001c30bdac000
R12=0x00000000000cd328 is an unknown value
R13=0x0000000000000000 is an unknown value
R14=0x0000000000000000 is an unknown value
R15=0x0000000003cd15ac is an unknown value


Registers:
RAX=0x000001c304020c01, RBX=0x00000016ee4f3b80, RCX=0x000001c304020cc0, RDX=0x8000e3c31bc2b759
RSP=0x00000016ee4f3ac0, RBP=0x00000016ee4f3cc0, RSI=0x0000000000000000, RDI=0x8000e3c31bc2b759
R8 =0x00007ff98039a398, R9 =0x000001c3398dec90, R10=0x0000000000000400, R11=0x00000016ee4f3b48
R12=0x00000000000cd328, R13=0x0000000000000000, R14=0x0000000000000000, R15=0x0000000003cd15ac
RIP=0x00007ff99b3f880f, EFLAGS=0x0000000000010202

Top of Stack: (sp=0x00000016ee4f3ac0)
0x00000016ee4f3ac0:   0000000000000000 0000000000000000
0x00000016ee4f3ad0:   0000000000000000 00000016ee4f3b80
0x00000016ee4f3ae0:   0000001600000000 fffffffffffffffe
0x00000016ee4f3af0:   0000000000000000 0000000000000000
0x00000016ee4f3b00:   0000000000000000 000000000000000f
0x00000016ee4f3b10:   ffffffff00000000 0000000000000000
0x00000016ee4f3b20:   0000000000000000 0000000000000000
0x00000016ee4f3b30:   000031fc4f42f75c 000001c32fbf65c0
0x00000016ee4f3b40:   000001c3342ccdb0 00007ff99b301bcd
0x00000016ee4f3b50:   0000000000000000 0000000000000000
0x00000016ee4f3b60:   000001c3342ccdb0 000001c3398dec90
0x00000016ee4f3b70:   000001c3342ccdb0 fffffffffffffffe
0x00000016ee4f3b80:   0000000003cd15ac 0000000000000000
0x00000016ee4f3b90:   0000000000000000 00000000000cd328
0x00000016ee4f3ba0:   000031fc4f42f6cc 000001c3398dec90
0x00000016ee4f3bb0:   000001c33a174b80 00007ff9800dc1ba 

Instructions: (pc=0x00007ff99b3f880f)
0x00007ff99b3f87ef:   6e 00 cc 48 83 f9 27 76 07 ff 15 e2 64 6e 00 cc
0x00007ff99b3f87ff:   48 8b c8 e8 c9 b4 5a 00 48 8b c3 e9 1c 01 00 00
0x00007ff99b3f880f:   48 8b 4f 50 48 85 c9 0f 84 ff 00 00 00 48 8d 54
0x00007ff99b3f881f:   24 50 e8 ba e3 04 00 48 8b d0 48 8d 4c 24 30 e8 



---------------  P R O C E S S  ---------------

Java Threads: ( => current thread )
  0x000001c33469e000 JavaThread "Relaunch Simulation" [_thread_blocked, id=26588, stack(0x00000016f4100000,0x00000016f4600000)]
  0x000001c3346a4000 JavaThread "Thread-1793" [_thread_in_native, id=21668, stack(0x00000016e5400000,0x00000016e5500000)]
  0x000001c33469f000 JavaThread "Thread-1785" [_thread_in_native, id=34484, stack(0x00000016e5400000,0x00000016e5500000)]
  0x000001c33457f800 JavaThread "Thread-445" [_thread_in_native, id=31028, stack(0x00000016e5400000,0x00000016e5500000)]
  0x000001c333f35800 JavaThread "Thread-437" [_thread_in_native, id=30652, stack(0x00000016ed200000,0x00000016ed300000)]
  0x000001c30bdb0000 JavaThread "Thread-427" [_thread_in_native, id=26448, stack(0x00000016ed200000,0x00000016ed300000)]
  0x000001c334580800 JavaThread "Thread-419" [_thread_in_native, id=20732, stack(0x00000016ed200000,0x00000016ed300000)]
  0x000001c33457c800 JavaThread "Timer-1" [_thread_blocked, id=2368, stack(0x00000016f1400000,0x00000016f1900000)]
  0x000001c33457d800 JavaThread "Thread-102" [_thread_in_native, id=20508, stack(0x00000016ee800000,0x00000016ee900000)]
  0x000001c33457f000 JavaThread "Monitor File Timestamp Swing Worker" [_thread_blocked, id=25976, stack(0x00000016f3c00000,0x00000016f4100000)]
  0x000001c334581000 JavaThread "Timer-0" [_thread_blocked, id=20420, stack(0x00000016f3700000,0x00000016f3c00000)]
  0x000001c334574800 JavaThread "SyntheticaAnimation 50" daemon [_thread_blocked, id=24496, stack(0x00000016f2800000,0x00000016f2d00000)]
  0x000001c33457a800 JavaThread "Thread-93" [_thread_in_native, id=16928, stack(0x00000016ee800000,0x00000016ee900000)]
  0x000001c33457b000 JavaThread "Image Animator 2" daemon [_thread_blocked, id=2996, stack(0x00000016f2d00000,0x00000016f3200000)]
  0x000001c30bdad800 JavaThread "hw_ila_monitor" [_thread_blocked, id=2092, stack(0x00000016f2300000,0x00000016f2800000)]
  0x000001c333f44000 JavaThread "Update Runs Swing Worker" [_thread_blocked, id=32508, stack(0x00000016f1e00000,0x00000016f2300000)]
  0x000001c333f3c800 JavaThread "Refresh Filesets Swing Worker" [_thread_blocked, id=24460, stack(0x00000016f1900000,0x00000016f1e00000)]
  0x000001c333f38000 JavaThread "SyntheticaAnimation 70" daemon [_thread_blocked, id=23724, stack(0x00000016f0f00000,0x00000016f1400000)]
  0x000001c333f36800 JavaThread "Swing-Shell" daemon [_thread_blocked, id=22384, stack(0x00000016f0a00000,0x00000016f0f00000)]
  0x000001c333f37000 JavaThread "SyntheticaAnimation 25" daemon [_thread_blocked, id=12168, stack(0x00000016efc00000,0x00000016f0100000)]
  0x000001c333f3b000 JavaThread "SyntheticaAnimation 50" daemon [_thread_blocked, id=28464, stack(0x00000016ef700000,0x00000016efc00000)]
  0x000001c333f3a000 JavaThread "Monitor HEventQueue" [_thread_blocked, id=28068, stack(0x00000016ef200000,0x00000016ef700000)]
  0x000001c30bdad000 JavaThread "Batik CleanerThread" daemon [_thread_blocked, id=8212, stack(0x00000016eea00000,0x00000016eef00000)]
  0x000001c30bdaa800 JavaThread "SyntheticaCleanerThread" daemon [_thread_blocked, id=16124, stack(0x00000016ed600000,0x00000016edb00000)]
=>0x000001c30bdac000 JavaThread "AWT-EventQueue-1" [_thread_in_native, id=27340, stack(0x00000016ee000000,0x00000016ee500000)]
  0x000001c30bdb0800 JavaThread "Process Messages" [_thread_blocked, id=32844, stack(0x00000016edb00000,0x00000016ee000000)]
  0x000001c30bdab800 JavaThread "Thread-1" [_thread_in_native, id=10988, stack(0x00000016e5600000,0x00000016e6a00000)]
  0x000001c30bdaf000 JavaThread "TimerQueue" daemon [_thread_blocked, id=27052, stack(0x00000016ecc00000,0x00000016ed100000)]
  0x000001c30bdae800 JavaThread "AWT-Windows" daemon [_thread_in_native, id=5044, stack(0x00000016ec700000,0x00000016ecc00000)]
  0x000001c32e36f800 JavaThread "AWT-Shutdown" [_thread_blocked, id=24696, stack(0x00000016ec200000,0x00000016ec700000)]
  0x000001c32e36f000 JavaThread "Java2D Disposer" daemon [_thread_blocked, id=25020, stack(0x00000016ebd00000,0x00000016ec200000)]
  0x000001c32dcb3800 JavaThread "Service Thread" daemon [_thread_blocked, id=6264, stack(0x00000016eb700000,0x00000016ebc00000)]
  0x000001c30be3c800 JavaThread "Common-Cleaner" daemon [_thread_blocked, id=26104, stack(0x00000016eb200000,0x00000016eb700000)]
  0x000001c30bdb1800 JavaThread "Sweeper thread" daemon [_thread_blocked, id=4704, stack(0x00000016ead00000,0x00000016eb200000)]
  0x000001c30c17c000 JavaThread "C1 CompilerThread11" daemon [_thread_blocked, id=35724, stack(0x00000016eac00000,0x00000016ead00000)]
  0x000001c30c178800 JavaThread "C1 CompilerThread10" daemon [_thread_blocked, id=18716, stack(0x00000016eab00000,0x00000016eac00000)]
  0x000001c30bda5800 JavaThread "C1 CompilerThread9" daemon [_thread_blocked, id=6848, stack(0x00000016eaa00000,0x00000016eab00000)]
  0x000001c30bda4000 JavaThread "C1 CompilerThread8" daemon [_thread_blocked, id=37196, stack(0x00000016ea900000,0x00000016eaa00000)]
  0x000001c30bda3000 JavaThread "C2 CompilerThread7" daemon [_thread_blocked, id=27664, stack(0x00000016ea800000,0x00000016ea900000)]
  0x000001c30bda1800 JavaThread "C2 CompilerThread6" daemon [_thread_blocked, id=30144, stack(0x00000016ea700000,0x00000016ea800000)]
  0x000001c30bda0800 JavaThread "C2 CompilerThread5" daemon [_thread_blocked, id=11128, stack(0x00000016ea600000,0x00000016ea700000)]
  0x000001c30bd9f800 JavaThread "C2 CompilerThread4" daemon [_thread_blocked, id=35016, stack(0x00000016ea500000,0x00000016ea600000)]
  0x000001c30bd9b000 JavaThread "C2 CompilerThread3" daemon [_thread_blocked, id=35560, stack(0x00000016ea400000,0x00000016ea500000)]
  0x000001c30bd99800 JavaThread "C2 CompilerThread2" daemon [_thread_blocked, id=37624, stack(0x00000016ea300000,0x00000016ea400000)]
  0x000001c30bd98800 JavaThread "C2 CompilerThread1" daemon [_thread_blocked, id=28108, stack(0x00000016ea200000,0x00000016ea300000)]
  0x000001c30bd98000 JavaThread "C2 CompilerThread0" daemon [_thread_blocked, id=12756, stack(0x00000016ea100000,0x00000016ea200000)]
  0x000001c30bd93000 JavaThread "Attach Listener" daemon [_thread_blocked, id=12432, stack(0x00000016e9c00000,0x00000016ea100000)]
  0x000001c30bd92800 JavaThread "Signal Dispatcher" daemon [_thread_blocked, id=9880, stack(0x00000016e9700000,0x00000016e9c00000)]
  0x000001c30bd6e000 JavaThread "Finalizer" daemon [_thread_blocked, id=21284, stack(0x00000016e9200000,0x00000016e9700000)]
  0x000001c30bd6d800 JavaThread "Reference Handler" daemon [_thread_blocked, id=3688, stack(0x00000016e8d00000,0x00000016e9200000)]
  0x000001c308817800 JavaThread "main" [_thread_blocked, id=19000, stack(0x00000016e5500000,0x00000016e5600000)]

Other Threads:
  0x000001c30bb48000 VMThread "VM Thread" [stack: 0x00000016e8c00000,0x00000016e8d00000] [id=25048]
  0x000001c32dcb4800 WatcherThread [stack: 0x00000016ebc00000,0x00000016ebd00000] [id=23272]
  0x000001c30c769800 GCTaskThread "GC Thread#0" [stack: 0x00000016e6d00000,0x00000016e6e00000] [id=12668]
  0x000001c308786800 GCTaskThread "GC Thread#1" [stack: 0x00000016e6e00000,0x00000016e6f00000] [id=27500]
  0x000001c30c602800 GCTaskThread "GC Thread#2" [stack: 0x00000016e6f00000,0x00000016e7000000] [id=23108]
  0x000001c30d05d000 GCTaskThread "GC Thread#3" [stack: 0x00000016e7000000,0x00000016e7100000] [id=26716]
  0x000001c309e13000 GCTaskThread "GC Thread#4" [stack: 0x00000016e7100000,0x00000016e7200000] [id=36404]
  0x000001c30d114000 GCTaskThread "GC Thread#5" [stack: 0x00000016e7200000,0x00000016e7300000] [id=30772]
  0x000001c30d114800 GCTaskThread "GC Thread#6" [stack: 0x00000016e7300000,0x00000016e7400000] [id=32564]
  0x000001c30c2ea800 GCTaskThread "GC Thread#7" [stack: 0x00000016e7400000,0x00000016e7500000] [id=7768]
  0x000001c30c2eb800 GCTaskThread "GC Thread#8" [stack: 0x00000016e7500000,0x00000016e7600000] [id=28332]
  0x000001c30c2ec800 GCTaskThread "GC Thread#9" [stack: 0x00000016e7600000,0x00000016e7700000] [id=18024]
  0x000001c30c2ed800 GCTaskThread "GC Thread#10" [stack: 0x00000016e7700000,0x00000016e7800000] [id=31832]
  0x000001c30c2ef000 GCTaskThread "GC Thread#11" [stack: 0x00000016e7800000,0x00000016e7900000] [id=30556]
  0x000001c30bbf5000 GCTaskThread "GC Thread#12" [stack: 0x00000016e7900000,0x00000016e7a00000] [id=36616]
  0x000001c3085c6800 ConcurrentGCThread "G1 Main Marker" [stack: 0x00000016e8800000,0x00000016e8900000] [id=10704]
  0x000001c3085c8000 ConcurrentGCThread "G1 Marker#0" [stack: 0x00000016e8900000,0x00000016e8a00000] [id=37648]
  0x000001c3085c9000 ConcurrentGCThread "G1 Marker#1" [stack: 0x00000016e8a00000,0x00000016e8b00000] [id=29564]
  0x000001c30c18a800 ConcurrentGCThread "G1 Marker#2" [stack: 0x00000016e8b00000,0x00000016e8c00000] [id=28516]
  0x000001c3085c3000 ConcurrentGCThread "G1 Refine#0" [stack: 0x00000016e8600000,0x00000016e8700000] [id=33492]
  0x000001c3085c1800 ConcurrentGCThread "G1 Refine#1" [stack: 0x00000016e8500000,0x00000016e8600000] [id=32272]
  0x000001c3085b8800 ConcurrentGCThread "G1 Refine#2" [stack: 0x00000016e8400000,0x00000016e8500000] [id=32696]
  0x000001c3085b8000 ConcurrentGCThread "G1 Refine#3" [stack: 0x00000016e8300000,0x00000016e8400000] [id=16008]
  0x000001c3085b7000 ConcurrentGCThread "G1 Refine#4" [stack: 0x00000016e8200000,0x00000016e8300000] [id=12384]
  0x000001c3085b6800 ConcurrentGCThread "G1 Refine#5" [stack: 0x00000016e8100000,0x00000016e8200000] [id=33424]
  0x000001c3085b4800 ConcurrentGCThread "G1 Refine#6" [stack: 0x00000016e8000000,0x00000016e8100000] [id=11536]
  0x000001c3085b3800 ConcurrentGCThread "G1 Refine#7" [stack: 0x00000016e7f00000,0x00000016e8000000] [id=27804]
  0x000001c30bbff000 ConcurrentGCThread "G1 Refine#8" [stack: 0x00000016e7e00000,0x00000016e7f00000] [id=18652]
  0x000001c30bbfe800 ConcurrentGCThread "G1 Refine#9" [stack: 0x00000016e7d00000,0x00000016e7e00000] [id=15704]
  0x000001c30bbfb000 ConcurrentGCThread "G1 Refine#10" [stack: 0x00000016e7c00000,0x00000016e7d00000] [id=8604]
  0x000001c30bbfa800 ConcurrentGCThread "G1 Refine#11" [stack: 0x00000016e7b00000,0x00000016e7c00000] [id=35264]
  0x000001c30bbf9800 ConcurrentGCThread "G1 Refine#12" [stack: 0x00000016e7a00000,0x00000016e7b00000] [id=13724]
  0x000001c3085c4800 ConcurrentGCThread "G1 Young RemSet Sampling" [stack: 0x00000016e8700000,0x00000016e8800000] [id=10460]

Threads with active compile tasks:

VM state:not at safepoint (normal execution)

VM Mutex/Monitor currently owned by a thread: None

Heap address: 0x0000000700000000, size: 3072 MB, Compressed Oops mode: Zero based, Oop shift amount: 3
Narrow klass base: 0x0000000000000000, Narrow klass shift: 3
Compressed class space size: 1073741824 Address: 0x00000007c0000000

Heap:
 garbage-first heap   total 220160K, used 88076K [0x0000000700000000, 0x00000007001006b8, 0x00000007c0000000)
  region size 1024K, 11 young (11264K), 2 survivors (2048K)
 Metaspace       used 85635K, capacity 92106K, committed 92336K, reserved 1128448K
  class space    used 11578K, capacity 12715K, committed 12720K, reserved 1048576K
Heap Regions: E=young(eden), S=young(survivor), O=old, HS=humongous(starts), HC=humongous(continues), CS=collection set, F=free, A=archive, TS=gc time stamp, AC=allocation context, TAMS=top-at-mark-start (previous, next)
|   0|0x0000000700000000, 0x0000000700100000, 0x0000000700100000|100%|HS|  |TS  0|AC  0|TAMS 0x0000000700000000, 0x0000000700000000|
|   1|0x0000000700100000, 0x0000000700200000, 0x0000000700200000|100%|HS|  |TS  0|AC  0|TAMS 0x0000000700100000, 0x0000000700100000|
|   2|0x0000000700200000, 0x0000000700300000, 0x0000000700300000|100%|HC|  |TS  0|AC  0|TAMS 0x0000000700200000, 0x0000000700200000|
|   3|0x0000000700300000, 0x0000000700400000, 0x0000000700400000|100%|HS|  |TS  0|AC  0|TAMS 0x0000000700300000, 0x0000000700300000|
|   4|0x0000000700400000, 0x00000007004ffff0, 0x0000000700500000| 99%| O|  |TS  0|AC  0|TAMS 0x0000000700400000, 0x0000000700400000|
|   5|0x0000000700500000, 0x00000007005ffff0, 0x0000000700600000| 99%| O|  |TS  0|AC  0|TAMS 0x0000000700500000, 0x0000000700500000|
|   6|0x0000000700600000, 0x0000000700700000, 0x0000000700700000|100%| O|  |TS  0|AC  0|TAMS 0x0000000700600000, 0x0000000700600000|
|   7|0x0000000700700000, 0x00000007007ffab0, 0x0000000700800000| 99%| O|  |TS  0|AC  0|TAMS 0x0000000700700000, 0x0000000700700000|
|   8|0x0000000700800000, 0x0000000700900000, 0x0000000700900000|100%| O|  |TS  0|AC  0|TAMS 0x0000000700800000, 0x0000000700800000|
|   9|0x0000000700900000, 0x00000007009f5148, 0x0000000700a00000| 95%| O|  |TS  0|AC  0|TAMS 0x0000000700900000, 0x0000000700900000|
|  10|0x0000000700a00000, 0x0000000700affa68, 0x0000000700b00000| 99%| O|  |TS  0|AC  0|TAMS 0x0000000700a00000, 0x0000000700a00000|
|  11|0x0000000700b00000, 0x0000000700bfcb58, 0x0000000700c00000| 98%| O|  |TS  0|AC  0|TAMS 0x0000000700b00000, 0x0000000700b00000|
|  12|0x0000000700c00000, 0x0000000700cffe30, 0x0000000700d00000| 99%| O|  |TS  0|AC  0|TAMS 0x0000000700c00000, 0x0000000700c00000|
|  13|0x0000000700d00000, 0x0000000700dd9920, 0x0000000700e00000| 84%| O|  |TS  0|AC  0|TAMS 0x0000000700d00000, 0x0000000700d00000|
|  14|0x0000000700e00000, 0x0000000700efff48, 0x0000000700f00000| 99%| O|  |TS  0|AC  0|TAMS 0x0000000700e00000, 0x0000000700e00000|
|  15|0x0000000700f00000, 0x0000000700ffa118, 0x0000000701000000| 97%| O|  |TS  0|AC  0|TAMS 0x0000000700f00000, 0x0000000700f00000|
|  16|0x0000000701000000, 0x00000007010fffe8, 0x0000000701100000| 99%| O|  |TS  0|AC  0|TAMS 0x0000000701000000, 0x0000000701000000|
|  17|0x0000000701100000, 0x00000007011ffff0, 0x0000000701200000| 99%| O|  |TS  0|AC  0|TAMS 0x0000000701100000, 0x0000000701100000|
|  18|0x0000000701200000, 0x00000007012fffe8, 0x0000000701300000| 99%| O|  |TS  0|AC  0|TAMS 0x0000000701200000, 0x0000000701200000|
|  19|0x0000000701300000, 0x0000000701400000, 0x0000000701400000|100%| O|  |TS  0|AC  0|TAMS 0x0000000701300000, 0x0000000701300000|
|  20|0x0000000701400000, 0x00000007014fffd0, 0x0000000701500000| 99%| O|  |TS  0|AC  0|TAMS 0x0000000701400000, 0x0000000701400000|
|  21|0x0000000701500000, 0x00000007015ffff8, 0x0000000701600000| 99%| O|  |TS  0|AC  0|TAMS 0x0000000701500000, 0x0000000701500000|
|  22|0x0000000701600000, 0x00000007016fffe0, 0x0000000701700000| 99%| O|  |TS  0|AC  0|TAMS 0x0000000701600000, 0x0000000701600000|
|  23|0x0000000701700000, 0x00000007017fffd8, 0x0000000701800000| 99%| O|  |TS  0|AC  0|TAMS 0x0000000701700000, 0x0000000701700000|
|  24|0x0000000701800000, 0x0000000701900000, 0x0000000701900000|100%| O|  |TS  0|AC  0|TAMS 0x0000000701800000, 0x0000000701800000|
|  25|0x0000000701900000, 0x00000007019ffff8, 0x0000000701a00000| 99%| O|  |TS  0|AC  0|TAMS 0x0000000701900000, 0x0000000701900000|
|  26|0x0000000701a00000, 0x0000000701b00000, 0x0000000701b00000|100%| O|  |TS  0|AC  0|TAMS 0x0000000701a00000, 0x0000000701a00000|
|  27|0x0000000701b00000, 0x0000000701bffff8, 0x0000000701c00000| 99%| O|  |TS  0|AC  0|TAMS 0x0000000701b00000, 0x0000000701b00000|
|  28|0x0000000701c00000, 0x0000000701cffff8, 0x0000000701d00000| 99%| O|  |TS  0|AC  0|TAMS 0x0000000701c00000, 0x0000000701c00000|
|  29|0x0000000701d00000, 0x0000000701e00000, 0x0000000701e00000|100%| O|  |TS  0|AC  0|TAMS 0x0000000701d00000, 0x0000000701d00000|
|  30|0x0000000701e00000, 0x0000000701f00000, 0x0000000701f00000|100%| O|  |TS  0|AC  0|TAMS 0x0000000701e00000, 0x0000000701e00000|
|  31|0x0000000701f00000, 0x0000000701fffff0, 0x0000000702000000| 99%| O|  |TS  0|AC  0|TAMS 0x0000000701f00000, 0x0000000701f00000|
|  32|0x0000000702000000, 0x00000007020ebfb8, 0x0000000702100000| 92%| O|  |TS  0|AC  0|TAMS 0x0000000702000000, 0x0000000702000000|
|  33|0x0000000702100000, 0x00000007021e15b8, 0x0000000702200000| 88%| O|  |TS  0|AC  0|TAMS 0x0000000702100000, 0x0000000702100000|
|  34|0x0000000702200000, 0x00000007022ffff8, 0x0000000702300000| 99%| O|  |TS  0|AC  0|TAMS 0x0000000702200000, 0x0000000702200000|
|  35|0x0000000702300000, 0x00000007023ffff8, 0x0000000702400000| 99%| O|  |TS  0|AC  0|TAMS 0x0000000702300000, 0x0000000702300000|
|  36|0x0000000702400000, 0x00000007024ffe28, 0x0000000702500000| 99%| O|  |TS  0|AC  0|TAMS 0x0000000702400000, 0x0000000702400000|
|  37|0x0000000702500000, 0x0000000702600000, 0x0000000702600000|100%| O|  |TS  0|AC  0|TAMS 0x0000000702500000, 0x0000000702500000|
|  38|0x0000000702600000, 0x0000000702700000, 0x0000000702700000|100%|HS|  |TS  0|AC  0|TAMS 0x0000000702600000, 0x0000000702600000|
|  39|0x0000000702700000, 0x0000000702800000, 0x0000000702800000|100%|HC|  |TS  0|AC  0|TAMS 0x0000000702700000, 0x0000000702700000|
|  40|0x0000000702800000, 0x0000000702900000, 0x0000000702900000|100%|HC|  |TS  0|AC  0|TAMS 0x0000000702800000, 0x0000000702800000|
|  41|0x0000000702900000, 0x0000000702a00000, 0x0000000702a00000|100%|HC|  |TS  0|AC  0|TAMS 0x0000000702900000, 0x0000000702900000|
|  42|0x0000000702a00000, 0x0000000702b00000, 0x0000000702b00000|100%|HC|  |TS  0|AC  0|TAMS 0x0000000702a00000, 0x0000000702a00000|
|  43|0x0000000702b00000, 0x0000000702c00000, 0x0000000702c00000|100%|HC|  |TS  0|AC  0|TAMS 0x0000000702b00000, 0x0000000702b00000|
|  44|0x0000000702c00000, 0x0000000702d00000, 0x0000000702d00000|100%|HC|  |TS  0|AC  0|TAMS 0x0000000702c00000, 0x0000000702c00000|
|  45|0x0000000702d00000, 0x0000000702e00000, 0x0000000702e00000|100%|HC|  |TS  0|AC  0|TAMS 0x0000000702d00000, 0x0000000702d00000|
|  46|0x0000000702e00000, 0x0000000702efffe8, 0x0000000702f00000| 99%| O|  |TS  0|AC  0|TAMS 0x0000000702e00000, 0x0000000702e00000|
|  47|0x0000000702f00000, 0x0000000703000000, 0x0000000703000000|100%| O|  |TS  0|AC  0|TAMS 0x0000000702f00000, 0x0000000702f00000|
|  48|0x0000000703000000, 0x00000007030fffd0, 0x0000000703100000| 99%| O|  |TS  0|AC  0|TAMS 0x0000000703000000, 0x0000000703000000|
|  49|0x0000000703100000, 0x00000007031ffff8, 0x0000000703200000| 99%| O|  |TS  0|AC  0|TAMS 0x0000000703100000, 0x0000000703100000|
|  50|0x0000000703200000, 0x00000007032ffe88, 0x0000000703300000| 99%| O|  |TS  0|AC  0|TAMS 0x0000000703200000, 0x0000000703200000|
|  51|0x0000000703300000, 0x0000000703400000, 0x0000000703400000|100%| O|  |TS  0|AC  0|TAMS 0x0000000703300000, 0x0000000703300000|
|  52|0x0000000703400000, 0x00000007034ffff0, 0x0000000703500000| 99%| O|  |TS  0|AC  0|TAMS 0x0000000703400000, 0x0000000703400000|
|  53|0x0000000703500000, 0x00000007035ffff0, 0x0000000703600000| 99%| O|  |TS  0|AC  0|TAMS 0x0000000703500000, 0x0000000703500000|
|  54|0x0000000703600000, 0x00000007036fff98, 0x0000000703700000| 99%| O|  |TS  0|AC  0|TAMS 0x0000000703600000, 0x0000000703600000|
|  55|0x0000000703700000, 0x00000007037fffb0, 0x0000000703800000| 99%| O|  |TS  0|AC  0|TAMS 0x0000000703700000, 0x0000000703700000|
|  56|0x0000000703800000, 0x00000007038ffed8, 0x0000000703900000| 99%| O|  |TS  0|AC  0|TAMS 0x0000000703800000, 0x0000000703800000|
|  57|0x0000000703900000, 0x00000007039fffc8, 0x0000000703a00000| 99%| O|  |TS  0|AC  0|TAMS 0x0000000703900000, 0x0000000703900000|
|  58|0x0000000703a00000, 0x0000000703b00000, 0x0000000703b00000|100%| O|  |TS  0|AC  0|TAMS 0x0000000703a00000, 0x0000000703a00000|
|  59|0x0000000703b00000, 0x0000000703bfffa8, 0x0000000703c00000| 99%| O|  |TS  0|AC  0|TAMS 0x0000000703b00000, 0x0000000703b00000|
|  60|0x0000000703c00000, 0x0000000703cfffe8, 0x0000000703d00000| 99%| O|  |TS  0|AC  0|TAMS 0x0000000703c00000, 0x0000000703c00000|
|  61|0x0000000703d00000, 0x0000000703e00000, 0x0000000703e00000|100%| O|  |TS  0|AC  0|TAMS 0x0000000703d00000, 0x0000000703d00000|
|  62|0x0000000703e00000, 0x0000000703effff8, 0x0000000703f00000| 99%| O|  |TS  0|AC  0|TAMS 0x0000000703e00000, 0x0000000703e00000|
|  63|0x0000000703f00000, 0x0000000704000000, 0x0000000704000000|100%|HS|  |TS  0|AC  0|TAMS 0x0000000703f00000, 0x0000000703f00000|
|  64|0x0000000704000000, 0x0000000704100000, 0x0000000704100000|100%|HC|  |TS  0|AC  0|TAMS 0x0000000704000000, 0x0000000704000000|
|  65|0x0000000704100000, 0x0000000704200000, 0x0000000704200000|100%|HS|  |TS  0|AC  0|TAMS 0x0000000704100000, 0x0000000704100000|
|  66|0x0000000704200000, 0x0000000704300000, 0x0000000704300000|100%|HC|  |TS  0|AC  0|TAMS 0x0000000704200000, 0x0000000704200000|
|  67|0x0000000704300000, 0x0000000704362118, 0x0000000704400000| 38%| O|  |TS  0|AC  0|TAMS 0x0000000704300000, 0x0000000704300000|
|  68|0x0000000704400000, 0x0000000704500000, 0x0000000704500000|100%|HS|  |TS  0|AC  0|TAMS 0x0000000704400000, 0x0000000704400000|
|  69|0x0000000704500000, 0x0000000704600000, 0x0000000704600000|100%|HC|  |TS  0|AC  0|TAMS 0x0000000704500000, 0x0000000704500000|
|  70|0x0000000704600000, 0x0000000704700000, 0x0000000704700000|100%|HS|  |TS  0|AC  0|TAMS 0x0000000704600000, 0x0000000704600000|
|  71|0x0000000704700000, 0x0000000704800000, 0x0000000704800000|100%|HC|  |TS  0|AC  0|TAMS 0x0000000704700000, 0x0000000704700000|
|  72|0x0000000704800000, 0x0000000704900000, 0x0000000704900000|100%|HC|  |TS  0|AC  0|TAMS 0x0000000704800000, 0x0000000704800000|
|  73|0x0000000704900000, 0x0000000704a00000, 0x0000000704a00000|100%|HC|  |TS  0|AC  0|TAMS 0x0000000704900000, 0x0000000704900000|
|  74|0x0000000704a00000, 0x0000000704b00000, 0x0000000704b00000|100%|HC|  |TS  0|AC  0|TAMS 0x0000000704a00000, 0x0000000704a00000|
|  75|0x0000000704b00000, 0x0000000704c00000, 0x0000000704c00000|100%|HC|  |TS  0|AC  0|TAMS 0x0000000704b00000, 0x0000000704b00000|
|  76|0x0000000704c00000, 0x0000000704d00000, 0x0000000704d00000|100%|HC|  |TS  0|AC  0|TAMS 0x0000000704c00000, 0x0000000704c00000|
|  77|0x0000000704d00000, 0x0000000704e00000, 0x0000000704e00000|100%|HC|  |TS  0|AC  0|TAMS 0x0000000704d00000, 0x0000000704d00000|
|  78|0x0000000704e00000, 0x0000000704e00000, 0x0000000704f00000|  0%| F|  |TS  0|AC  0|TAMS 0x0000000704e00000, 0x0000000704e00000|
|  79|0x0000000704f00000, 0x0000000704f00000, 0x0000000705000000|  0%| F|  |TS  0|AC  0|TAMS 0x0000000704f00000, 0x0000000704f00000|
|  80|0x0000000705000000, 0x0000000705000000, 0x0000000705100000|  0%| F|  |TS  0|AC  0|TAMS 0x0000000705000000, 0x0000000705000000|
|  81|0x0000000705100000, 0x0000000705100000, 0x0000000705200000|  0%| F|  |TS  0|AC  0|TAMS 0x0000000705100000, 0x0000000705100000|
|  82|0x0000000705200000, 0x0000000705200000, 0x0000000705300000|  0%| F|  |TS  0|AC  0|TAMS 0x0000000705200000, 0x0000000705200000|
|  83|0x0000000705300000, 0x0000000705300000, 0x0000000705400000|  0%| F|  |TS  0|AC  0|TAMS 0x0000000705300000, 0x0000000705300000|
|  84|0x0000000705400000, 0x0000000705400000, 0x0000000705500000|  0%| F|  |TS  0|AC  0|TAMS 0x0000000705400000, 0x0000000705400000|
|  85|0x0000000705500000, 0x0000000705500000, 0x0000000705600000|  0%| F|  |TS  0|AC  0|TAMS 0x0000000705500000, 0x0000000705500000|
|  86|0x0000000705600000, 0x0000000705600000, 0x0000000705700000|  0%| F|  |TS  0|AC  0|TAMS 0x0000000705600000, 0x0000000705600000|
|  87|0x0000000705700000, 0x0000000705700000, 0x0000000705800000|  0%| F|  |TS  0|AC  0|TAMS 0x0000000705700000, 0x0000000705700000|
|  88|0x0000000705800000, 0x0000000705800000, 0x0000000705900000|  0%| F|  |TS  0|AC  0|TAMS 0x0000000705800000, 0x0000000705800000|
|  89|0x0000000705900000, 0x0000000705900000, 0x0000000705a00000|  0%| F|  |TS  0|AC  0|TAMS 0x0000000705900000, 0x0000000705900000|
|  90|0x0000000705a00000, 0x0000000705a00000, 0x0000000705b00000|  0%| F|  |TS  0|AC  0|TAMS 0x0000000705a00000, 0x0000000705a00000|
|  91|0x0000000705b00000, 0x0000000705b00000, 0x0000000705c00000|  0%| F|  |TS  0|AC  0|TAMS 0x0000000705b00000, 0x0000000705b00000|
|  92|0x0000000705c00000, 0x0000000705c00000, 0x0000000705d00000|  0%| F|  |TS  0|AC  0|TAMS 0x0000000705c00000, 0x0000000705c00000|
|  93|0x0000000705d00000, 0x0000000705d00000, 0x0000000705e00000|  0%| F|  |TS  0|AC  0|TAMS 0x0000000705d00000, 0x0000000705d00000|
|  94|0x0000000705e00000, 0x0000000705e00000, 0x0000000705f00000|  0%| F|  |TS  0|AC  0|TAMS 0x0000000705e00000, 0x0000000705e00000|
|  95|0x0000000705f00000, 0x0000000705f00000, 0x0000000706000000|  0%| F|  |TS  0|AC  0|TAMS 0x0000000705f00000, 0x0000000705f00000|
|  96|0x0000000706000000, 0x0000000706000000, 0x0000000706100000|  0%| F|  |TS  0|AC  0|TAMS 0x0000000706000000, 0x0000000706000000|
|  97|0x0000000706100000, 0x0000000706100000, 0x0000000706200000|  0%| F|  |TS  0|AC  0|TAMS 0x0000000706100000, 0x0000000706100000|
|  98|0x0000000706200000, 0x0000000706200000, 0x0000000706300000|  0%| F|  |TS  0|AC  0|TAMS 0x0000000706200000, 0x0000000706200000|
|  99|0x0000000706300000, 0x0000000706300000, 0x0000000706400000|  0%| F|  |TS  0|AC  0|TAMS 0x0000000706300000, 0x0000000706300000|
| 100|0x0000000706400000, 0x0000000706400000, 0x0000000706500000|  0%| F|  |TS  0|AC  0|TAMS 0x0000000706400000, 0x0000000706400000|
| 101|0x0000000706500000, 0x0000000706500000, 0x0000000706600000|  0%| F|  |TS  0|AC  0|TAMS 0x0000000706500000, 0x0000000706500000|
| 102|0x0000000706600000, 0x0000000706600000, 0x0000000706700000|  0%| F|  |TS  0|AC  0|TAMS 0x0000000706600000, 0x0000000706600000|
| 103|0x0000000706700000, 0x0000000706700000, 0x0000000706800000|  0%| F|  |TS  0|AC  0|TAMS 0x0000000706700000, 0x0000000706700000|
| 104|0x0000000706800000, 0x0000000706800000, 0x0000000706900000|  0%| F|  |TS  0|AC  0|TAMS 0x0000000706800000, 0x0000000706800000|
| 105|0x0000000706900000, 0x0000000706900000, 0x0000000706a00000|  0%| F|  |TS  0|AC  0|TAMS 0x0000000706900000, 0x0000000706900000|
| 106|0x0000000706a00000, 0x0000000706a00000, 0x0000000706b00000|  0%| F|  |TS  0|AC  0|TAMS 0x0000000706a00000, 0x0000000706a00000|
| 107|0x0000000706b00000, 0x0000000706b00000, 0x0000000706c00000|  0%| F|  |TS  0|AC  0|TAMS 0x0000000706b00000, 0x0000000706b00000|
| 108|0x0000000706c00000, 0x0000000706c00000, 0x0000000706d00000|  0%| F|  |TS  0|AC  0|TAMS 0x0000000706c00000, 0x0000000706c00000|
| 109|0x0000000706d00000, 0x0000000706d00000, 0x0000000706e00000|  0%| F|  |TS  0|AC  0|TAMS 0x0000000706d00000, 0x0000000706d00000|
| 110|0x0000000706e00000, 0x0000000706e00000, 0x0000000706f00000|  0%| F|  |TS  0|AC  0|TAMS 0x0000000706e00000, 0x0000000706e00000|
| 111|0x0000000706f00000, 0x0000000706f00000, 0x0000000707000000|  0%| F|  |TS  0|AC  0|TAMS 0x0000000706f00000, 0x0000000706f00000|
| 112|0x0000000707000000, 0x0000000707000000, 0x0000000707100000|  0%| F|  |TS  0|AC  0|TAMS 0x0000000707000000, 0x0000000707000000|
| 113|0x0000000707100000, 0x0000000707100000, 0x0000000707200000|  0%| F|  |TS  0|AC  0|TAMS 0x0000000707100000, 0x0000000707100000|
| 114|0x0000000707200000, 0x0000000707200000, 0x0000000707300000|  0%| F|  |TS  0|AC  0|TAMS 0x0000000707200000, 0x0000000707200000|
| 115|0x0000000707300000, 0x0000000707300000, 0x0000000707400000|  0%| F|  |TS  0|AC  0|TAMS 0x0000000707300000, 0x0000000707300000|
| 116|0x0000000707400000, 0x0000000707400000, 0x0000000707500000|  0%| F|  |TS  0|AC  0|TAMS 0x0000000707400000, 0x0000000707400000|
| 117|0x0000000707500000, 0x0000000707500000, 0x0000000707600000|  0%| F|  |TS  0|AC  0|TAMS 0x0000000707500000, 0x0000000707500000|
| 118|0x0000000707600000, 0x0000000707600000, 0x0000000707700000|  0%| F|  |TS  0|AC  0|TAMS 0x0000000707600000, 0x0000000707600000|
| 119|0x0000000707700000, 0x0000000707700000, 0x0000000707800000|  0%| F|  |TS  0|AC  0|TAMS 0x0000000707700000, 0x0000000707700000|
| 120|0x0000000707800000, 0x0000000707800000, 0x0000000707900000|  0%| F|  |TS  0|AC  0|TAMS 0x0000000707800000, 0x0000000707800000|
| 121|0x0000000707900000, 0x0000000707900000, 0x0000000707a00000|  0%| F|  |TS  0|AC  0|TAMS 0x0000000707900000, 0x0000000707900000|
| 122|0x0000000707a00000, 0x0000000707a00000, 0x0000000707b00000|  0%| F|  |TS  0|AC  0|TAMS 0x0000000707a00000, 0x0000000707a00000|
| 123|0x0000000707b00000, 0x0000000707b00000, 0x0000000707c00000|  0%| F|  |TS  0|AC  0|TAMS 0x0000000707b00000, 0x0000000707b00000|
| 124|0x0000000707c00000, 0x0000000707c00000, 0x0000000707d00000|  0%| F|  |TS  0|AC  0|TAMS 0x0000000707c00000, 0x0000000707c00000|
| 125|0x0000000707d00000, 0x0000000707d00000, 0x0000000707e00000|  0%| F|  |TS  0|AC  0|TAMS 0x0000000707d00000, 0x0000000707d00000|
| 126|0x0000000707e00000, 0x0000000707e00000, 0x0000000707f00000|  0%| F|  |TS  0|AC  0|TAMS 0x0000000707e00000, 0x0000000707e00000|
| 127|0x0000000707f00000, 0x0000000707f00000, 0x0000000708000000|  0%| F|  |TS  0|AC  0|TAMS 0x0000000707f00000, 0x0000000707f00000|
| 128|0x0000000708000000, 0x0000000708000000, 0x0000000708100000|  0%| F|  |TS  0|AC  0|TAMS 0x0000000708000000, 0x0000000708000000|
| 129|0x0000000708100000, 0x0000000708100000, 0x0000000708200000|  0%| F|  |TS  0|AC  0|TAMS 0x0000000708100000, 0x0000000708100000|
| 130|0x0000000708200000, 0x0000000708200000, 0x0000000708300000|  0%| F|  |TS  0|AC  0|TAMS 0x0000000708200000, 0x0000000708200000|
| 131|0x0000000708300000, 0x0000000708300000, 0x0000000708400000|  0%| F|  |TS  0|AC  0|TAMS 0x0000000708300000, 0x0000000708300000|
| 132|0x0000000708400000, 0x0000000708400000, 0x0000000708500000|  0%| F|  |TS  0|AC  0|TAMS 0x0000000708400000, 0x0000000708400000|
| 133|0x0000000708500000, 0x0000000708500000, 0x0000000708600000|  0%| F|  |TS  0|AC  0|TAMS 0x0000000708500000, 0x0000000708500000|
| 134|0x0000000708600000, 0x0000000708600000, 0x0000000708700000|  0%| F|  |TS  0|AC  0|TAMS 0x0000000708600000, 0x0000000708600000|
| 135|0x0000000708700000, 0x0000000708700000, 0x0000000708800000|  0%| F|  |TS  0|AC  0|TAMS 0x0000000708700000, 0x0000000708700000|
| 136|0x0000000708800000, 0x0000000708800000, 0x0000000708900000|  0%| F|  |TS  0|AC  0|TAMS 0x0000000708800000, 0x0000000708800000|
| 137|0x0000000708900000, 0x0000000708900000, 0x0000000708a00000|  0%| F|  |TS  0|AC  0|TAMS 0x0000000708900000, 0x0000000708900000|
| 138|0x0000000708a00000, 0x0000000708a00000, 0x0000000708b00000|  0%| F|  |TS  0|AC  0|TAMS 0x0000000708a00000, 0x0000000708a00000|
| 139|0x0000000708b00000, 0x0000000708b00000, 0x0000000708c00000|  0%| F|  |TS  0|AC  0|TAMS 0x0000000708b00000, 0x0000000708b00000|
| 140|0x0000000708c00000, 0x0000000708c00000, 0x0000000708d00000|  0%| F|  |TS  0|AC  0|TAMS 0x0000000708c00000, 0x0000000708c00000|
| 141|0x0000000708d00000, 0x0000000708d00000, 0x0000000708e00000|  0%| F|  |TS  0|AC  0|TAMS 0x0000000708d00000, 0x0000000708d00000|
| 142|0x0000000708e00000, 0x0000000708e00000, 0x0000000708f00000|  0%| F|  |TS  0|AC  0|TAMS 0x0000000708e00000, 0x0000000708e00000|
| 143|0x0000000708f00000, 0x0000000708f00000, 0x0000000709000000|  0%| F|  |TS  0|AC  0|TAMS 0x0000000708f00000, 0x0000000708f00000|
| 144|0x0000000709000000, 0x0000000709000000, 0x0000000709100000|  0%| F|  |TS  0|AC  0|TAMS 0x0000000709000000, 0x0000000709000000|
| 145|0x0000000709100000, 0x0000000709100000, 0x0000000709200000|  0%| F|  |TS  0|AC  0|TAMS 0x0000000709100000, 0x0000000709100000|
| 146|0x0000000709200000, 0x0000000709200000, 0x0000000709300000|  0%| F|  |TS  0|AC  0|TAMS 0x0000000709200000, 0x0000000709200000|
| 147|0x0000000709300000, 0x0000000709300000, 0x0000000709400000|  0%| F|  |TS  0|AC  0|TAMS 0x0000000709300000, 0x0000000709300000|
| 148|0x0000000709400000, 0x0000000709400000, 0x0000000709500000|  0%| F|  |TS  0|AC  0|TAMS 0x0000000709400000, 0x0000000709400000|
| 149|0x0000000709500000, 0x0000000709500000, 0x0000000709600000|  0%| F|  |TS  0|AC  0|TAMS 0x0000000709500000, 0x0000000709500000|
| 150|0x0000000709600000, 0x0000000709600000, 0x0000000709700000|  0%| F|  |TS  0|AC  0|TAMS 0x0000000709600000, 0x0000000709600000|
| 151|0x0000000709700000, 0x0000000709700000, 0x0000000709800000|  0%| F|  |TS  0|AC  0|TAMS 0x0000000709700000, 0x0000000709700000|
| 152|0x0000000709800000, 0x0000000709800000, 0x0000000709900000|  0%| F|  |TS  0|AC  0|TAMS 0x0000000709800000, 0x0000000709800000|
| 153|0x0000000709900000, 0x000000070990f978, 0x0000000709a00000|  6%| S|CS|TS  1|AC  0|TAMS 0x0000000709900000, 0x0000000709900000|
| 154|0x0000000709a00000, 0x0000000709b00000, 0x0000000709b00000|100%| S|CS|TS  1|AC  0|TAMS 0x0000000709a00000, 0x0000000709a00000|
| 155|0x0000000709b00000, 0x0000000709b00000, 0x0000000709c00000|  0%| F|  |TS  1|AC  0|TAMS 0x0000000709b00000, 0x0000000709b00000|
| 156|0x0000000709c00000, 0x0000000709c00000, 0x0000000709d00000|  0%| F|  |TS  1|AC  0|TAMS 0x0000000709c00000, 0x0000000709c00000|
| 157|0x0000000709d00000, 0x0000000709d00000, 0x0000000709e00000|  0%| F|  |TS  1|AC  0|TAMS 0x0000000709d00000, 0x0000000709d00000|
| 158|0x0000000709e00000, 0x0000000709e00000, 0x0000000709f00000|  0%| F|  |TS  1|AC  0|TAMS 0x0000000709e00000, 0x0000000709e00000|
| 159|0x0000000709f00000, 0x0000000709f00000, 0x000000070a000000|  0%| F|  |TS  1|AC  0|TAMS 0x0000000709f00000, 0x0000000709f00000|
| 160|0x000000070a000000, 0x000000070a000000, 0x000000070a100000|  0%| F|  |TS  1|AC  0|TAMS 0x000000070a000000, 0x000000070a000000|
| 161|0x000000070a100000, 0x000000070a100000, 0x000000070a200000|  0%| F|  |TS  1|AC  0|TAMS 0x000000070a100000, 0x000000070a100000|
| 162|0x000000070a200000, 0x000000070a200000, 0x000000070a300000|  0%| F|  |TS  1|AC  0|TAMS 0x000000070a200000, 0x000000070a200000|
| 163|0x000000070a300000, 0x000000070a300000, 0x000000070a400000|  0%| F|  |TS  1|AC  0|TAMS 0x000000070a300000, 0x000000070a300000|
| 164|0x000000070a400000, 0x000000070a400000, 0x000000070a500000|  0%| F|  |TS  1|AC  0|TAMS 0x000000070a400000, 0x000000070a400000|
| 165|0x000000070a500000, 0x000000070a500000, 0x000000070a600000|  0%| F|  |TS  1|AC  0|TAMS 0x000000070a500000, 0x000000070a500000|
| 166|0x000000070a600000, 0x000000070a600000, 0x000000070a700000|  0%| F|  |TS  1|AC  0|TAMS 0x000000070a600000, 0x000000070a600000|
| 167|0x000000070a700000, 0x000000070a700000, 0x000000070a800000|  0%| F|  |TS  1|AC  0|TAMS 0x000000070a700000, 0x000000070a700000|
| 168|0x000000070a800000, 0x000000070a800000, 0x000000070a900000|  0%| F|  |TS  1|AC  0|TAMS 0x000000070a800000, 0x000000070a800000|
| 169|0x000000070a900000, 0x000000070a900000, 0x000000070aa00000|  0%| F|  |TS  1|AC  0|TAMS 0x000000070a900000, 0x000000070a900000|
| 170|0x000000070aa00000, 0x000000070aa00000, 0x000000070ab00000|  0%| F|  |TS  1|AC  0|TAMS 0x000000070aa00000, 0x000000070aa00000|
| 171|0x000000070ab00000, 0x000000070ab00000, 0x000000070ac00000|  0%| F|  |TS  1|AC  0|TAMS 0x000000070ab00000, 0x000000070ab00000|
| 172|0x000000070ac00000, 0x000000070ac00000, 0x000000070ad00000|  0%| F|  |TS  1|AC  0|TAMS 0x000000070ac00000, 0x000000070ac00000|
| 173|0x000000070ad00000, 0x000000070ad00000, 0x000000070ae00000|  0%| F|  |TS  1|AC  0|TAMS 0x000000070ad00000, 0x000000070ad00000|
| 174|0x000000070ae00000, 0x000000070ae00000, 0x000000070af00000|  0%| F|  |TS  1|AC  0|TAMS 0x000000070ae00000, 0x000000070ae00000|
| 175|0x000000070af00000, 0x000000070af00000, 0x000000070b000000|  0%| F|  |TS  1|AC  0|TAMS 0x000000070af00000, 0x000000070af00000|
| 176|0x000000070b000000, 0x000000070b000000, 0x000000070b100000|  0%| F|  |TS  1|AC  0|TAMS 0x000000070b000000, 0x000000070b000000|
| 177|0x000000070b100000, 0x000000070b100000, 0x000000070b200000|  0%| F|  |TS  1|AC  0|TAMS 0x000000070b100000, 0x000000070b100000|
| 178|0x000000070b200000, 0x000000070b200000, 0x000000070b300000|  0%| F|  |TS  1|AC  0|TAMS 0x000000070b200000, 0x000000070b200000|
| 179|0x000000070b300000, 0x000000070b300000, 0x000000070b400000|  0%| F|  |TS  1|AC  0|TAMS 0x000000070b300000, 0x000000070b300000|
| 180|0x000000070b400000, 0x000000070b400000, 0x000000070b500000|  0%| F|  |TS  1|AC  0|TAMS 0x000000070b400000, 0x000000070b400000|
| 181|0x000000070b500000, 0x000000070b500000, 0x000000070b600000|  0%| F|  |TS  1|AC  0|TAMS 0x000000070b500000, 0x000000070b500000|
| 182|0x000000070b600000, 0x000000070b600000, 0x000000070b700000|  0%| F|  |TS  1|AC  0|TAMS 0x000000070b600000, 0x000000070b600000|
| 183|0x000000070b700000, 0x000000070b700000, 0x000000070b800000|  0%| F|  |TS  1|AC  0|TAMS 0x000000070b700000, 0x000000070b700000|
| 184|0x000000070b800000, 0x000000070b800000, 0x000000070b900000|  0%| F|  |TS  1|AC  0|TAMS 0x000000070b800000, 0x000000070b800000|
| 185|0x000000070b900000, 0x000000070b900000, 0x000000070ba00000|  0%| F|  |TS  1|AC  0|TAMS 0x000000070b900000, 0x000000070b900000|
| 186|0x000000070ba00000, 0x000000070ba00000, 0x000000070bb00000|  0%| F|  |TS  1|AC  0|TAMS 0x000000070ba00000, 0x000000070ba00000|
| 187|0x000000070bb00000, 0x000000070bb00000, 0x000000070bc00000|  0%| F|  |TS  1|AC  0|TAMS 0x000000070bb00000, 0x000000070bb00000|
| 188|0x000000070bc00000, 0x000000070bc00000, 0x000000070bd00000|  0%| F|  |TS  1|AC  0|TAMS 0x000000070bc00000, 0x000000070bc00000|
| 189|0x000000070bd00000, 0x000000070bd00000, 0x000000070be00000|  0%| F|  |TS  1|AC  0|TAMS 0x000000070bd00000, 0x000000070bd00000|
| 190|0x000000070be00000, 0x000000070be00000, 0x000000070bf00000|  0%| F|  |TS  1|AC  0|TAMS 0x000000070be00000, 0x000000070be00000|
| 191|0x000000070bf00000, 0x000000070bf00000, 0x000000070c000000|  0%| F|  |TS  1|AC  0|TAMS 0x000000070bf00000, 0x000000070bf00000|
| 192|0x000000070c000000, 0x000000070c000000, 0x000000070c100000|  0%| F|  |TS  1|AC  0|TAMS 0x000000070c000000, 0x000000070c000000|
| 193|0x000000070c100000, 0x000000070c100000, 0x000000070c200000|  0%| F|  |TS  1|AC  0|TAMS 0x000000070c100000, 0x000000070c100000|
| 194|0x000000070c200000, 0x000000070c200000, 0x000000070c300000|  0%| F|  |TS  1|AC  0|TAMS 0x000000070c200000, 0x000000070c200000|
| 195|0x000000070c300000, 0x000000070c300000, 0x000000070c400000|  0%| F|  |TS  1|AC  0|TAMS 0x000000070c300000, 0x000000070c300000|
| 196|0x000000070c400000, 0x000000070c400000, 0x000000070c500000|  0%| F|  |TS  1|AC  0|TAMS 0x000000070c400000, 0x000000070c400000|
| 197|0x000000070c500000, 0x000000070c500000, 0x000000070c600000|  0%| F|  |TS  1|AC  0|TAMS 0x000000070c500000, 0x000000070c500000|
| 198|0x000000070c600000, 0x000000070c600000, 0x000000070c700000|  0%| F|  |TS  1|AC  0|TAMS 0x000000070c600000, 0x000000070c600000|
| 199|0x000000070c700000, 0x000000070c700000, 0x000000070c800000|  0%| F|  |TS  1|AC  0|TAMS 0x000000070c700000, 0x000000070c700000|
| 200|0x000000070c800000, 0x000000070c800000, 0x000000070c900000|  0%| F|  |TS  1|AC  0|TAMS 0x000000070c800000, 0x000000070c800000|
| 201|0x000000070c900000, 0x000000070c900000, 0x000000070ca00000|  0%| F|  |TS  1|AC  0|TAMS 0x000000070c900000, 0x000000070c900000|
| 202|0x000000070ca00000, 0x000000070ca00000, 0x000000070cb00000|  0%| F|  |TS  1|AC  0|TAMS 0x000000070ca00000, 0x000000070ca00000|
| 203|0x000000070cb00000, 0x000000070cb00000, 0x000000070cc00000|  0%| F|  |TS  1|AC  0|TAMS 0x000000070cb00000, 0x000000070cb00000|
| 204|0x000000070cc00000, 0x000000070cc00000, 0x000000070cd00000|  0%| F|  |TS  1|AC  0|TAMS 0x000000070cc00000, 0x000000070cc00000|
| 205|0x000000070cd00000, 0x000000070cd00000, 0x000000070ce00000|  0%| F|  |TS  1|AC  0|TAMS 0x000000070cd00000, 0x000000070cd00000|
| 206|0x000000070ce00000, 0x000000070cec5978, 0x000000070cf00000| 77%| E|  |TS  1|AC  0|TAMS 0x000000070ce00000, 0x000000070ce00000|
| 207|0x000000070cf00000, 0x000000070d000000, 0x000000070d000000|100%| E|CS|TS  1|AC  0|TAMS 0x000000070cf00000, 0x000000070cf00000|
| 208|0x000000070d000000, 0x000000070d100000, 0x000000070d100000|100%| E|CS|TS  1|AC  0|TAMS 0x000000070d000000, 0x000000070d000000|
| 209|0x000000070d100000, 0x000000070d200000, 0x000000070d200000|100%| E|CS|TS  1|AC  0|TAMS 0x000000070d100000, 0x000000070d100000|
| 210|0x000000070d200000, 0x000000070d300000, 0x000000070d300000|100%| E|CS|TS  1|AC  0|TAMS 0x000000070d200000, 0x000000070d200000|
| 211|0x000000070d300000, 0x000000070d400000, 0x000000070d400000|100%| E|CS|TS  1|AC  0|TAMS 0x000000070d300000, 0x000000070d300000|
| 212|0x000000070d400000, 0x000000070d500000, 0x000000070d500000|100%| E|CS|TS  1|AC  0|TAMS 0x000000070d400000, 0x000000070d400000|
| 213|0x000000070d500000, 0x000000070d600000, 0x000000070d600000|100%| E|CS|TS  1|AC  0|TAMS 0x000000070d500000, 0x000000070d500000|
| 214|0x000000070d600000, 0x000000070d700000, 0x000000070d700000|100%| E|CS|TS  1|AC  0|TAMS 0x000000070d600000, 0x000000070d600000|

Card table byte_map: [0x000001c323d80000,0x000001c324380000] byte_map_base: 0x000001c320580000

Marking Bits (Prev, Next): (CMBitMap*) 0x000001c3085c5e60, (CMBitMap*) 0x000001c3085c5e98
 Prev Bits: [0x000001c324980000, 0x000001c327980000)
 Next Bits: [0x000001c327980000, 0x000001c32a980000)

Polling page: 0x000001c303f50000

CodeHeap 'non-profiled nmethods': size=119168Kb used=22922Kb max_used=22922Kb free=96245Kb
 bounds [0x000001c31c320000, 0x000001c31d990000, 0x000001c323780000]
CodeHeap 'profiled nmethods': size=119168Kb used=47267Kb max_used=47267Kb free=71901Kb
 bounds [0x000001c314ec0000, 0x000001c317d40000, 0x000001c31c320000]
CodeHeap 'non-nmethods': size=7424Kb used=3492Kb max_used=3541Kb free=3931Kb
 bounds [0x000001c314780000, 0x000001c314b00000, 0x000001c314ec0000]
 total_blobs=33716 nmethods=18461 adapters=1142
 compilation: enabled

Compilation events (10 events):
Event: 1348.200 Thread 0x000001c30c178800 23298       1       ui.views.cO::a (6 bytes)
Event: 1348.200 Thread 0x000001c30c178800 nmethod 23298 0x000001c31d97e890 code [0x000001c31d97ea40, 0x000001c31d97ebb8]
Event: 1348.201 Thread 0x000001c30bda3000 23299   !   4       java.awt.Component::setFocusTraversalKeys_NoIDCheck (204 bytes)
Event: 1348.253 Thread 0x000001c30bda3000 nmethod 23299 0x000001c31d97ec10 code [0x000001c31d97ef60, 0x000001c31d981bd0]
Event: 1348.340 Thread 0x000001c30bd9b000 23300       4       com.jidesoft.swing.JideMenu::isOpaque (40 bytes)
Event: 1348.341 Thread 0x000001c30bd9b000 nmethod 23300 0x000001c31d983290 code [0x000001c31d983420, 0x000001c31d9834f8]
Event: 1348.350 Thread 0x000001c30bda5800 23301       3       javax.swing.plaf.synth.SynthButtonUI::getComponentState (138 bytes)
Event: 1348.353 Thread 0x000001c30bda5800 nmethod 23301 0x000001c317d32410 code [0x000001c317d32720, 0x000001c317d33e10]
Event: 1348.371 Thread 0x000001c30c17c000 23302       1       com.jidesoft.plaf.basic.BasicJideSplitButtonUI::getRightMargin (7 bytes)
Event: 1348.371 Thread 0x000001c30c17c000 nmethod 23302 0x000001c31d983590 code [0x000001c31d983740, 0x000001c31d983858]

GC Heap History (10 events):
Event: 1339.699 GC heap before
{Heap before GC invocations=424 (full 280):
 garbage-first heap   total 220160K, used 137227K [0x0000000700000000, 0x00000007001006b8, 0x00000007c0000000)
  region size 1024K, 60 young (61440K), 1 survivors (1024K)
 Metaspace       used 85554K, capacity 92094K, committed 92336K, reserved 1128448K
  class space    used 11569K, capacity 12713K, committed 12720K, reserved 1048576K
}
Event: 1339.701 GC heap after
{Heap after GC invocations=425 (full 280):
 garbage-first heap   total 220160K, used 77191K [0x0000000700000000, 0x00000007001006b8, 0x00000007c0000000)
  region size 1024K, 1 young (1024K), 1 survivors (1024K)
 Metaspace       used 85554K, capacity 92094K, committed 92336K, reserved 1128448K
  class space    used 11569K, capacity 12713K, committed 12720K, reserved 1048576K
}
Event: 1342.272 GC heap before
{Heap before GC invocations=425 (full 280):
 garbage-first heap   total 220160K, used 137607K [0x0000000700000000, 0x00000007001006b8, 0x00000007c0000000)
  region size 1024K, 60 young (61440K), 1 survivors (1024K)
 Metaspace       used 85578K, capacity 92094K, committed 92336K, reserved 1128448K
  class space    used 11569K, capacity 12713K, committed 12720K, reserved 1048576K
}
Event: 1342.275 GC heap after
{Heap after GC invocations=426 (full 280):
 garbage-first heap   total 220160K, used 77328K [0x0000000700000000, 0x00000007001006b8, 0x00000007c0000000)
  region size 1024K, 1 young (1024K), 1 survivors (1024K)
 Metaspace       used 85578K, capacity 92094K, committed 92336K, reserved 1128448K
  class space    used 11569K, capacity 12713K, committed 12720K, reserved 1048576K
}
Event: 1342.823 GC heap before
{Heap before GC invocations=426 (full 280):
 garbage-first heap   total 220160K, used 137744K [0x0000000700000000, 0x00000007001006b8, 0x00000007c0000000)
  region size 1024K, 60 young (61440K), 1 survivors (1024K)
 Metaspace       used 85580K, capacity 92094K, committed 92336K, reserved 1128448K
  class space    used 11569K, capacity 12713K, committed 12720K, reserved 1048576K
}
Event: 1342.824 GC heap after
{Heap after GC invocations=427 (full 280):
 garbage-first heap   total 220160K, used 77084K [0x0000000700000000, 0x00000007001006b8, 0x00000007c0000000)
  region size 1024K, 1 young (1024K), 1 survivors (1024K)
 Metaspace       used 85580K, capacity 92094K, committed 92336K, reserved 1128448K
  class space    used 11569K, capacity 12713K, committed 12720K, reserved 1048576K
}
Event: 1344.808 GC heap before
{Heap before GC invocations=427 (full 280):
 garbage-first heap   total 220160K, used 123164K [0x0000000700000000, 0x00000007001006b8, 0x00000007c0000000)
  region size 1024K, 47 young (48128K), 1 survivors (1024K)
 Metaspace       used 85598K, capacity 92094K, committed 92336K, reserved 1128448K
  class space    used 11569K, capacity 12713K, committed 12720K, reserved 1048576K
}
Event: 1344.951 GC heap after
{Heap after GC invocations=428 (full 281):
 garbage-first heap   total 220160K, used 76750K [0x0000000700000000, 0x00000007001006b8, 0x00000007c0000000)
  region size 1024K, 0 young (0K), 0 survivors (0K)
 Metaspace       used 85598K, capacity 92094K, committed 92336K, reserved 1128448K
  class space    used 11569K, capacity 12713K, committed 12720K, reserved 1048576K
}
Event: 1348.204 GC heap before
{Heap before GC invocations=428 (full 281):
 garbage-first heap   total 220160K, used 138190K [0x0000000700000000, 0x00000007001006b8, 0x00000007c0000000)
  region size 1024K, 60 young (61440K), 0 survivors (0K)
 Metaspace       used 85627K, capacity 92094K, committed 92336K, reserved 1128448K
  class space    used 11576K, capacity 12713K, committed 12720K, reserved 1048576K
}
Event: 1348.207 GC heap after
{Heap after GC invocations=429 (full 281):
 garbage-first heap   total 220160K, used 77836K [0x0000000700000000, 0x00000007001006b8, 0x00000007c0000000)
  region size 1024K, 2 young (2048K), 2 survivors (2048K)
 Metaspace       used 85627K, capacity 92094K, committed 92336K, reserved 1128448K
  class space    used 11576K, capacity 12713K, committed 12720K, reserved 1048576K
}

Deoptimization events (10 events):
Event: 1012.270 Thread 0x000001c33457b000 Uncommon trap: reason=class_check action=maybe_recompile pc=0x000001c31d3c842c method=sun.awt.image.ImageWatched$WeakLink.newInfo(Ljava/awt/Image;IIIII)Z @ 13 c2
Event: 1012.311 Thread 0x000001c33457b000 Uncommon trap: reason=class_check action=maybe_recompile pc=0x000001c31d3c842c method=sun.awt.image.ImageWatched$WeakLink.newInfo(Ljava/awt/Image;IIIII)Z @ 13 c2
Event: 1013.272 Thread 0x000001c30bdac000 Uncommon trap: reason=bimorphic_or_optimized_type_check action=maybe_recompile pc=0x000001c31d16890c method=javax.swing.text.AbstractDocument.fireRemoveUpdate(Ljavax/swing/event/DocumentEvent;)V @ 39 c2
Event: 1340.991 Thread 0x000001c30bdac000 Uncommon trap: reason=bimorphic_or_optimized_type_check action=maybe_recompile pc=0x000001c31c52dcf0 method=java.util.TreeMap.getEntryUsingComparator(Ljava/lang/Object;)Ljava/util/TreeMap$Entry; @ 29 c2
Event: 1347.662 Thread 0x000001c30bdac000 Uncommon trap: reason=bimorphic_or_optimized_type_check action=maybe_recompile pc=0x000001c31d5ca2e0 method=java.awt.Component.processMouseMotionEvent(Ljava/awt/event/MouseEvent;)V @ 52 c2
Event: 1347.670 Thread 0x000001c30bdac000 Uncommon trap: reason=bimorphic_or_optimized_type_check action=maybe_recompile pc=0x000001c31d5ca2e0 method=java.awt.Component.processMouseMotionEvent(Ljava/awt/event/MouseEvent;)V @ 52 c2
Event: 1347.686 Thread 0x000001c30bdac000 Uncommon trap: reason=unstable_if action=reinterpret pc=0x000001c31d96755c method=javax.swing.plaf.synth.SynthButtonUI.getComponentState(Ljavax/swing/JComponent;)I @ 53 c2
Event: 1348.080 Thread 0x000001c30bdac000 Uncommon trap: reason=unstable_if action=reinterpret pc=0x000001c31cbe39d4 method=sun.nio.cs.DoubleByte$Encoder.encodeArrayLoop(Ljava/nio/CharBuffer;Ljava/nio/ByteBuffer;)Ljava/nio/charset/CoderResult; @ 218 c2
Event: 1348.080 Thread 0x000001c30bdac000 Uncommon trap: reason=unstable_if action=reinterpret pc=0x000001c31c95f76c method=sun.nio.cs.DoubleByte$Encoder.encodeArrayLoop(Ljava/nio/CharBuffer;Ljava/nio/ByteBuffer;)Ljava/nio/charset/CoderResult; @ 218 c2
Event: 1349.002 Thread 0x000001c30bdac000 Uncommon trap: reason=unstable_if action=reinterpret pc=0x000001c31c397dc4 method=java.lang.Throwable.getOurStackTrace()[Ljava/lang/StackTraceElement; @ 7 c2

Classes redefined (0 events):
No events

Internal exceptions (10 events):
Event: 841.063 Thread 0x000001c30bdac000 Exception <a 'java/io/FileNotFoundException'{0x000000070d6941d8}> (0x000000070d6941d8) thrown at [t:/workspace/hotspot/src/share/vm/prims/jni.cpp, line 604]
Event: 846.063 Thread 0x000001c30bdac000 Exception <a 'java/io/FileNotFoundException'{0x000000070d520df0}> (0x000000070d520df0) thrown at [t:/workspace/hotspot/src/share/vm/prims/jni.cpp, line 604]
Event: 851.063 Thread 0x000001c30bdac000 Exception <a 'java/io/FileNotFoundException'{0x000000070d4f5ca0}> (0x000000070d4f5ca0) thrown at [t:/workspace/hotspot/src/share/vm/prims/jni.cpp, line 604]
Event: 855.470 Thread 0x000001c30bdac000 Exception <a 'java/lang/ClassNotFoundException'{0x000000070b5697e8}: ui/utils/i/g/nBeanInfo> (0x000000070b5697e8) thrown at [t:/workspace/hotspot/src/share/vm/classfile/systemDictionary.cpp, line 218]
Event: 855.470 Thread 0x000001c30bdac000 Exception <a 'java/lang/ClassNotFoundException'{0x000000070b577468}: ui/utils/i/g/nCustomizer> (0x000000070b577468) thrown at [t:/workspace/hotspot/src/share/vm/classfile/systemDictionary.cpp, line 218]
Event: 855.634 Thread 0x000001c333e79800 Exception <a 'java/lang/InterruptedException'{0x000000070ba02de0}: sleep interrupted> (0x000000070ba02de0) thrown at [t:/workspace/hotspot/src/share/vm/prims/jvm.cpp, line 2984]
Event: 859.016 Thread 0x000001c30bdac000 Implicit null exception at 0x000001c31c3d0003 to 0x000001c31c3d09ed
Event: 907.582 Thread 0x000001c333e79800 Exception <a 'java/lang/InterruptedException'{0x000000070bc00410}: sleep interrupted> (0x000000070bc00410) thrown at [t:/workspace/hotspot/src/share/vm/prims/jvm.cpp, line 2984]
Event: 1348.082 Thread 0x000001c334576000 Exception <a 'java/lang/InterruptedException'{0x000000070a3b83e0}: sleep interrupted> (0x000000070a3b83e0) thrown at [t:/workspace/hotspot/src/share/vm/prims/jvm.cpp, line 3023]
Event: 1349.001 Thread 0x000001c30bdac000 Exception <a 'ui/frmwork/CommandFailedException'{0x000000070ce2bd50}: Unknown exception occurred> (0x000000070ce2bd50) thrown at [t:/workspace/hotspot/src/share/vm/prims/jni.cpp, line 625]

Events (10 events):
Event: 1348.204 Executing VM operation: G1IncCollectionPause
Event: 1348.207 Executing VM operation: G1IncCollectionPause done
Event: 1348.221 Thread 0x000001c3346a0800 Thread exited: 0x000001c3346a0800
Event: 1349.000 loading class ui/frmwork/CommandFailedException
Event: 1349.000 loading class ui/frmwork/CommandFailedException done
Event: 1349.001 loading class java/util/NoSuchElementException
Event: 1349.001 loading class java/util/NoSuchElementException done
Event: 1349.002 Thread 0x000001c30bdac000 Uncommon trap: trap_request=0xffffff5d fr.pc=0x000001c31c397dc4 relative=0x0000000000000764
Event: 1349.002 Thread 0x000001c30bdac000 DEOPT PACKING pc=0x000001c31c397dc4 sp=0x00000016ee4f4c30
Event: 1349.002 Thread 0x000001c30bdac000 DEOPT UNPACKING pc=0x000001c3147cdf29 sp=0x00000016ee4f4c28 mode 2


Dynamic libraries:
0x00007ff7f8fe0000 - 0x00007ff7f9010000 	E:\mydownload\myvivado\Vivado\2018.3\bin\unwrapped\win64.o\vivado.exe
0x00007ffa110d0000 - 0x00007ffa112e7000 	C:\WINDOWS\SYSTEM32\ntdll.dll
0x00007ffa0fcd0000 - 0x00007ffa0fd94000 	C:\WINDOWS\System32\KERNEL32.DLL
0x00007ffa0e4b0000 - 0x00007ffa0e855000 	C:\WINDOWS\System32\KERNELBASE.dll
0x00007ffa0ec80000 - 0x00007ffa0ed91000 	C:\WINDOWS\System32\ucrtbase.dll
0x00007ff9f8030000 - 0x00007ff9f80be000 	C:\WINDOWS\SYSTEM32\MSVCP140.dll
0x00007ff9f8e30000 - 0x00007ff9f8e44000 	E:\mydownload\myvivado\Vivado\2018.3\lib\win64.o\librdi_commonmain.dll
0x00007ff9f80e0000 - 0x00007ff9f80f4000 	E:\mydownload\myvivado\Vivado\2018.3\lib\win64.o\libboost_signals.dll
0x00007ff99b280000 - 0x00007ff99c114000 	E:\mydownload\myvivado\Vivado\2018.3\lib\win64.o\librdi_common.dll
0x00007ffa10ee0000 - 0x00007ffa1108e000 	C:\WINDOWS\System32\USER32.dll
0x00007ffa03880000 - 0x00007ffa0389b000 	C:\WINDOWS\SYSTEM32\VCRUNTIME140.dll
0x00007ffa0eaf0000 - 0x00007ffa0eb16000 	C:\WINDOWS\System32\win32u.dll
0x00007ffa10a70000 - 0x00007ffa10a99000 	C:\WINDOWS\System32\GDI32.dll
0x00007ffa05df0000 - 0x00007ffa05dfc000 	C:\WINDOWS\SYSTEM32\VCRUNTIME140_1.dll
0x00007ffa0e9d0000 - 0x00007ffa0eae9000 	C:\WINDOWS\System32\gdi32full.dll
0x00007ffa0eb20000 - 0x00007ffa0ebba000 	C:\WINDOWS\System32\msvcp_win.dll
0x00007ff9f8000000 - 0x00007ff9f8026000 	E:\mydownload\myvivado\Vivado\2018.3\lib\win64.o\libboost_filesystem.dll
0x00007ffa106b0000 - 0x00007ffa10761000 	C:\WINDOWS\System32\ADVAPI32.dll
0x00007ffa0efc0000 - 0x00007ffa0f067000 	C:\WINDOWS\System32\msvcrt.dll
0x00007ffa096f0000 - 0x00007ffa096fa000 	E:\mydownload\myvivado\Vivado\2018.3\lib\win64.o\librdi_commonversion.dll
0x00007ff9b1730000 - 0x00007ff9b1851000 	E:\mydownload\myvivado\Vivado\2018.3\lib\win64.o\librdi_commonxillic.dll
0x00007ffa10280000 - 0x00007ffa10326000 	C:\WINDOWS\System32\sechost.dll
0x00007ffa10580000 - 0x00007ffa10697000 	C:\WINDOWS\System32\RPCRT4.dll
0x00000000742e0000 - 0x000000007440b000 	E:\mydownload\myvivado\Vivado\2018.3\lib\win64.o\tcl85t.dll
0x00007ffa0f460000 - 0x00007ffa0fcb9000 	C:\WINDOWS\System32\SHELL32.dll
0x00007ffa10970000 - 0x00007ffa109e1000 	C:\WINDOWS\System32\WS2_32.dll
0x00007ff9a0c50000 - 0x00007ff9a0fbe000 	E:\mydownload\myvivado\Vivado\2018.3\lib\win64.o\libCOIN-all.dll
0x00007ff9a5340000 - 0x00007ff9a55f5000 	E:\mydownload\myvivado\Vivado\2018.3\lib\win64.o\libXil_lmgr11.dll
0x00007ffa10330000 - 0x00007ffa10429000 	C:\WINDOWS\System32\COMDLG32.dll
0x00007ffa10aa0000 - 0x00007ffa10e29000 	C:\WINDOWS\System32\combase.dll
0x00007ffa0f130000 - 0x00007ffa0f223000 	C:\WINDOWS\System32\shcore.dll
0x00007ff9f6930000 - 0x00007ff9f6944000 	E:\mydownload\myvivado\Vivado\2018.3\lib\win64.o\libboost_date_time.dll
0x00007ff9ed350000 - 0x00007ff9ed3cf000 	E:\mydownload\myvivado\Vivado\2018.3\lib\win64.o\libboost_program_options.dll
0x00007ffa10220000 - 0x00007ffa1027e000 	C:\WINDOWS\System32\SHLWAPI.dll
0x00007ff9bbdc0000 - 0x00007ff9bbed4000 	E:\mydownload\myvivado\Vivado\2018.3\lib\win64.o\libboost_regex.dll
0x00007ffa0eec0000 - 0x00007ffa0ef97000 	C:\WINDOWS\System32\OLEAUT32.dll
0x00007ffa05d60000 - 0x00007ffa05d6b000 	E:\mydownload\myvivado\Vivado\2018.3\lib\win64.o\libboost_system.dll
0x00007ffa0f2b0000 - 0x00007ffa0f450000 	C:\WINDOWS\System32\ole32.dll
0x00007ff9f5250000 - 0x00007ff9f5271000 	E:\mydownload\myvivado\Vivado\2018.3\lib\win64.o\libboost_thread.dll
0x00007ffa04cb0000 - 0x00007ffa04cbf000 	E:\mydownload\myvivado\Vivado\2018.3\lib\win64.o\libboost_xilinx.dll
0x00007ffa0e440000 - 0x00007ffa0e4ac000 	C:\WINDOWS\System32\WINTRUST.dll
0x00007ffa0e860000 - 0x00007ffa0e9c6000 	C:\WINDOWS\System32\CRYPT32.dll
0x00007ff9bab70000 - 0x00007ff9babf2000 	E:\mydownload\myvivado\Vivado\2018.3\lib\win64.o\libhdlpsolve.dll
0x00007ff9b26f0000 - 0x00007ff9b2795000 	E:\mydownload\myvivado\Vivado\2018.3\lib\win64.o\libhdxml.dll
0x00007ff99aa30000 - 0x00007ff99b27e600 	E:\mydownload\myvivado\Vivado\2018.3\lib\win64.o\libisl_iostreams.dll
0x00007ff9f45d0000 - 0x00007ff9f45fe000 	E:\mydownload\myvivado\Vivado\2018.3\lib\win64.o\libisl_sysinfo.dll
0x00007ff9e1b30000 - 0x00007ff9e1b95000 	E:\mydownload\myvivado\Vivado\2018.3\lib\win64.o\liblmx6.0.dll
0x00007ff9f64e0000 - 0x00007ff9f64fa000 	E:\mydownload\myvivado\Vivado\2018.3\lib\win64.o\pthreadVC2.dll
0x00007ff9f4250000 - 0x00007ff9f4271000 	E:\mydownload\myvivado\Vivado\2018.3\lib\win64.o\librdizlib.dll
0x00007ff9f5960000 - 0x00007ff9f597c000 	E:\mydownload\myvivado\Vivado\2018.3\lib\win64.o\librdiconfig.dll
0x0000000012000000 - 0x0000000012272000 	E:\mydownload\myvivado\Vivado\2018.3\lib\win64.o\xerces-c_3_1.dll
0x00007ff9ee690000 - 0x00007ff9ee6a9000 	C:\WINDOWS\SYSTEM32\NETAPI32.dll
0x00007ff9e8210000 - 0x00007ff9e8704000 	C:\WINDOWS\SYSTEM32\WININET.dll
0x00007ffa051f0000 - 0x00007ffa05327000 	C:\WINDOWS\SYSTEM32\WINHTTP.dll
0x00007ff9f4ee0000 - 0x00007ff9f50d0000 	C:\WINDOWS\SYSTEM32\urlmon.dll
0x00007ff999b90000 - 0x00007ff99aa21000 	E:\mydownload\myvivado\Vivado\2018.3\lib\win64.o\gurobi65.dll
0x00007ff9f3fa0000 - 0x00007ff9f3fd1000 	C:\WINDOWS\SYSTEM32\VCOMP140.DLL
0x00007ffa04930000 - 0x00007ffa04939000 	C:\WINDOWS\SYSTEM32\WSOCK32.dll
0x00007ff9f2680000 - 0x00007ff9f2733000 	C:\WINDOWS\WinSxS\amd64_microsoft.windows.common-controls_6595b64144ccf1df_5.82.22621.2506_none_b43bab19638c9595\COMCTL32.dll
0x00007ffa03f60000 - 0x00007ffa03f6d000 	E:\mydownload\myvivado\Vivado\2018.3\lib\win64.o\libboost_chrono.dll
0x00007ffa05010000 - 0x00007ffa0502f000 	C:\WINDOWS\SYSTEM32\dhcpcsvc.DLL
0x00007ff9f1980000 - 0x00007ff9f199b000 	E:\mydownload\myvivado\Vivado\2018.3\lib\win64.o\libboost_iostreams.dll
0x00007ff9f2280000 - 0x00007ff9f22a5000 	E:\mydownload\myvivado\Vivado\2018.3\lib\win64.o\libisl_iosutils.dll
0x00007ff9f7470000 - 0x00007ff9f772c000 	C:\WINDOWS\SYSTEM32\iertutil.dll
0x00007ff9ff550000 - 0x00007ff9ff578000 	C:\WINDOWS\SYSTEM32\srvcli.dll
0x00007ffa0cf30000 - 0x00007ffa0cf3c000 	C:\WINDOWS\SYSTEM32\netutils.dll
0x00007ffa10770000 - 0x00007ffa107a1000 	C:\WINDOWS\System32\IMM32.DLL
0x00007ffa0e160000 - 0x00007ffa0e172000 	C:\WINDOWS\SYSTEM32\MSASN1.dll
0x00007ffa0d4d0000 - 0x00007ffa0d4e8000 	C:\WINDOWS\SYSTEM32\kernel.appcore.dll
0x00007ff99ca00000 - 0x00007ff99cef5000 	E:\mydownload\myvivado\Vivado\2018.3\lib\win64.o\librdi_commontasks.dll
0x00007ffa00f40000 - 0x00007ffa00f4a000 	C:\WINDOWS\SYSTEM32\VERSION.dll
0x00000000738b0000 - 0x00000000742d5000 	E:\mydownload\myvivado\Vivado\2018.3\tps\win64\jre9.0.4\bin\server\jvm.dll
0x00007ff999910000 - 0x00007ff999b8f000 	E:\mydownload\myvivado\Vivado\2018.3\lib\win64.o\librdi_sio.dll
0x00007ffa106a0000 - 0x00007ffa106a8000 	C:\WINDOWS\System32\PSAPI.DLL
0x00007ffa03c60000 - 0x00007ffa03c94000 	C:\WINDOWS\SYSTEM32\WINMM.dll
0x00007ffa0cf40000 - 0x00007ffa0cf6d000 	C:\WINDOWS\SYSTEM32\IPHLPAPI.DLL
0x00007ff9aec70000 - 0x00007ff9aed5f000 	C:\WINDOWS\SYSTEM32\MSVCR120.dll
0x00007ffa0d9b0000 - 0x00007ffa0da19000 	C:\WINDOWS\SYSTEM32\MSWSOCK.DLL
0x00007ffa0c370000 - 0x00007ffa0cc64000 	C:\WINDOWS\SYSTEM32\windows.storage.dll
0x00007ffa0c230000 - 0x00007ffa0c36e000 	C:\WINDOWS\SYSTEM32\wintypes.dll
0x00007ff993ed0000 - 0x00007ff996292000 	E:\mydownload\myvivado\Vivado\2018.3\lib\win64.o\librdi_tcltasks.dll
0x00007ff999530000 - 0x00007ff99990c000 	E:\mydownload\myvivado\Vivado\2018.3\lib\win64.o\librdi_bitstream.dll
0x00007ff9aad40000 - 0x00007ff9aaebe000 	E:\mydownload\myvivado\Vivado\2018.3\lib\win64.o\librdi_board.dll
0x00007ff9dee20000 - 0x00007ff9dee8a000 	E:\mydownload\myvivado\Vivado\2018.3\lib\win64.o\librdi_boarddep.dll
0x00007ff9a9ae0000 - 0x00007ff9a9bbc000 	E:\mydownload\myvivado\Vivado\2018.3\lib\win64.o\librdi_chipscope.dll
0x00007ff999370000 - 0x00007ff999529000 	E:\mydownload\myvivado\Vivado\2018.3\lib\win64.o\librdi_chipscopeimpl.dll
0x00007ff9a7b70000 - 0x00007ff9a7cb8000 	E:\mydownload\myvivado\Vivado\2018.3\lib\win64.o\librdi_containers.dll
0x00007ff98cb20000 - 0x00007ff98e425000 	E:\mydownload\myvivado\Vivado\2018.3\lib\win64.o\librdi_constraints.dll
0x00007ff983a90000 - 0x00007ff9858af000 	E:\mydownload\myvivado\Vivado\2018.3\lib\win64.o\librdi_coregen.dll
0x00007ff998c90000 - 0x00007ff99936a000 	E:\mydownload\myvivado\Vivado\2018.3\lib\win64.o\librdi_coregenipxact.dll
0x00007ff973140000 - 0x00007ff976f3b000 	E:\mydownload\myvivado\Vivado\2018.3\lib\win64.o\librdi_designutils.dll
0x00007ff998970000 - 0x00007ff998c8b000 	E:\mydownload\myvivado\Vivado\2018.3\lib\win64.o\librdi_dlyest.dll
0x00007ff940eb0000 - 0x00007ff951c02000 	E:\mydownload\myvivado\Vivado\2018.3\lib\win64.o\librdi_device.dll
0x00007ff997350000 - 0x00007ff9978b0000 	E:\mydownload\myvivado\Vivado\2018.3\lib\win64.o\librdi_drc.dll
0x00007ff9a9a10000 - 0x00007ff9a9ad2000 	E:\mydownload\myvivado\Vivado\2018.3\lib\win64.o\librdi_dsp.dll
0x00007ff996d10000 - 0x00007ff99734f000 	E:\mydownload\myvivado\Vivado\2018.3\lib\win64.o\librdi_filemgmt.dll
0x00007ff998690000 - 0x00007ff99896a000 	E:\mydownload\myvivado\Vivado\2018.3\lib\win64.o\librdi_guitools.dll
0x00007ff9ec100000 - 0x00007ff9ec15d000 	E:\mydownload\myvivado\Vivado\2018.3\lib\win64.o\librdi_hdf.dll
0x00007ff987be0000 - 0x00007ff988f71000 	E:\mydownload\myvivado\Vivado\2018.3\lib\win64.o\librdi_implflow.dll
0x00007ff9938b0000 - 0x00007ff993ec5000 	E:\mydownload\myvivado\Vivado\2018.3\lib\win64.o\librdi_memdata.dll
0x00007ff9be2c0000 - 0x00007ff9be331000 	E:\mydownload\myvivado\Vivado\2018.3\lib\win64.o\librdi_memoryarray.dll
0x00007ff96f790000 - 0x00007ff97313c000 	E:\mydownload\myvivado\Vivado\2018.3\lib\win64.o\librdi_mig.dll
0x00007ff9908b0000 - 0x00007ff990eeb000 	E:\mydownload\myvivado\Vivado\2018.3\lib\win64.o\librdi_netlist.dll
0x00007ff9ec640000 - 0x00007ff9ec690000 	E:\mydownload\myvivado\Vivado\2018.3\lib\win64.o\librdi_pfi.dll
0x00007ff96d270000 - 0x00007ff96f784000 	E:\mydownload\myvivado\Vivado\2018.3\lib\win64.o\librdi_place.dll
0x00007ff996a00000 - 0x00007ff996d07000 	E:\mydownload\myvivado\Vivado\2018.3\lib\win64.o\librdi_platform.dll
0x00007ff9901b0000 - 0x00007ff9908a5000 	E:\mydownload\myvivado\Vivado\2018.3\lib\win64.o\librdi_power.dll
0x00007ff983390000 - 0x00007ff983a83000 	E:\mydownload\myvivado\Vivado\2018.3\lib\win64.o\librdi_psta.dll
0x00007ff98b850000 - 0x00007ff98bda6000 	E:\mydownload\myvivado\Vivado\2018.3\lib\win64.o\librdi_project.dll
0x00007ff982cb0000 - 0x00007ff983389000 	E:\mydownload\myvivado\Vivado\2018.3\lib\win64.o\librdi_rsb.dll
0x00007ff9934d0000 - 0x00007ff9938a7000 	E:\mydownload\myvivado\Vivado\2018.3\lib\win64.o\librdi_runs.dll
0x00007ff9a4f70000 - 0x00007ff9a5048000 	E:\mydownload\myvivado\Vivado\2018.3\lib\win64.o\librdi_runsbase.dll
0x00007ff98c8f0000 - 0x00007ff98cb18000 	E:\mydownload\myvivado\Vivado\2018.3\lib\win64.o\librdi_simdata.dll
0x00007ff981f20000 - 0x00007ff982cad000 	E:\mydownload\myvivado\Vivado\2018.3\lib\win64.o\librdi_timing.dll
0x00007ff99c8a0000 - 0x00007ff99c9f4000 	E:\mydownload\myvivado\Vivado\2018.3\lib\win64.o\librdi_advchipscopeimpl.dll
0x00007ff9e63a0000 - 0x00007ff9e63ec000 	E:\mydownload\myvivado\Vivado\2018.3\lib\win64.o\libboost_serialization.dll
0x00007ff9b1b60000 - 0x00007ff9b1c18000 	E:\mydownload\myvivado\Vivado\2018.3\lib\win64.o\librdi_hip_devdesign.dll
0x00007ff9a4210000 - 0x00007ff9a42bb000 	E:\mydownload\myvivado\Vivado\2018.3\lib\win64.o\librdi_ipconfig_readwrite.dll
0x00007ff9f1660000 - 0x00007ff9f1698000 	E:\mydownload\myvivado\Vivado\2018.3\lib\win64.o\librdi_noc_frameworks.dll
0x00007ff9805a0000 - 0x00007ff9810e7000 	E:\mydownload\myvivado\Vivado\2018.3\lib\win64.o\libverific.dll
0x00007ff98b490000 - 0x00007ff98b845000 	E:\mydownload\myvivado\Vivado\2018.3\lib\win64.o\librdi_hip_config.dll
0x00007ff9819d0000 - 0x00007ff981f1e000 	E:\mydownload\myvivado\Vivado\2018.3\lib\win64.o\librdi_xdm.dll
0x00007ff9b8d00000 - 0x00007ff9b8d9e000 	E:\mydownload\myvivado\Vivado\2018.3\lib\win64.o\libise.dll
0x00007ff97ffb0000 - 0x00007ff980594000 	E:\mydownload\myvivado\Vivado\2018.3\lib\win64.o\librdi_wavedata.dll
0x00007ff9c3030000 - 0x00007ff9c3079000 	E:\mydownload\myvivado\Vivado\2018.3\lib\win64.o\librdi_wavedata_SimpleApi.dll
0x00007ff9bddd0000 - 0x00007ff9bde33000 	E:\mydownload\myvivado\Vivado\2018.3\lib\win64.o\librdi_hip_mathengine.dll
0x00007ff96c260000 - 0x00007ff96d262000 	E:\mydownload\myvivado\Vivado\2018.3\lib\win64.o\librdi_route.dll
0x00007ff968430000 - 0x00007ff96a372000 	E:\mydownload\myvivado\Vivado\2018.3\lib\win64.o\librdi_synth.dll

VM Arguments:
jvm_args: -Dsun.java2d.pmoffscreen=false -Dsun.java2d.xrender=false -Dsun.java2d.d3d=false -Dsun.awt.nopixfmt=true -Dsun.java2d.dpiaware=true -Dsun.java2d.uiScale.enabled=false -Xverify:none -Dswing.aatext=true -XX:-UsePerfData -Djdk.map.althashing.threshold=512 -XX:StringTableSize=4072 --add-opens=java.base/java.nio=ALL-UNNAMED --add-opens=java.desktop/sun.swing=ALL-UNNAMED --add-opens=java.desktop/javax.swing=ALL-UNNAMED --add-opens=java.desktop/javax.swing.tree=ALL-UNNAMED --add-opens=java.desktop/javax.swing.plaf.basic=ALL-UNNAMED --add-opens=java.desktop/javax.swing.plaf.synth=ALL-UNNAMED --add-opens=java.desktop/com.sun.awt=ALL-UNNAMED -XX:NewSize=60m -XX:MaxNewSize=60m -Xms128m -Xmx3072m -Xss5m 
java_command: <unknown>
java_class_path (initial): E:/mydownload/myvivado/Vivado/2018.3\lib\classes\alloy.jar;E:/mydownload/myvivado/Vivado/2018.3\lib\classes\autopilot.scelaborator.jar;E:/mydownload/myvivado/Vivado/2018.3\lib\classes\autopilot.sourceprocessor.jar;E:/mydownload/myvivado/Vivado/2018.3\lib\classes\autopilot.tbprocessor.jar;E:/mydownload/myvivado/Vivado/2018.3\lib\classes\batik-anim.jar;E:/mydownload/myvivado/Vivado/2018.3\lib\classes\batik-awt-util.jar;E:/mydownload/myvivado/Vivado/2018.3\lib\classes\batik-bridge.jar;E:/mydownload/myvivado/Vivado/2018.3\lib\classes\batik-codec.jar;E:/mydownload/myvivado/Vivado/2018.3\lib\classes\batik-css.jar;E:/mydownload/myvivado/Vivado/2018.3\lib\classes\batik-dom.jar;E:/mydownload/myvivado/Vivado/2018.3\lib\classes\batik-ext.jar;E:/mydownload/myvivado/Vivado/2018.3\lib\classes\batik-gui-util.jar;E:/mydownload/myvivado/Vivado/2018.3\lib\classes\batik-gvt.jar;E:/mydownload/myvivado/Vivado/2018.3\lib\classes\batik-parser.jar;E:/mydownload/myvivado/Vivado/2018.3\lib\classes\batik-script.jar;E:/mydownload/myvivado/Vivado/2018.3\lib\classes\batik-svg-dom.jar;E:/mydownload/myvivado/Vivado/2018.3\lib\classes\batik-swing.jar;E:/mydownload/myvivado/Vivado/2018.3\lib\classes\batik-transcoder.jar;E:/mydownload/myvivado/Vivado/2018.3\lib\classes\batik-util.jar;E:/mydownload/myvivado/Vivado/2018.3\lib\classes\batik-xml.jar;E:/mydownload/myvivado/Vivado/2018.3\lib\classes\com.ibm.icu_4.4.2.v20110208.jar;E:/mydownload/myvivado/Vivado/2018.3\lib\classes\commons-collections4-4.1.jar;E:/mydownload/myvivado/Vivado/2018.3\lib\classes\commons-math-2.2.jar;E:/mydownload/myvivado/Vivado/2018.3\lib\classes\dom4j-1.6.1.jar;E:/mydownload/myvivado/Vivado/2018.3\lib\classes\guava-18.0.jar;E:/mydownload/myvivado/Vivado/2018.3\lib\classes\help.jar;E:/mydownload/myvivado/Vivado/2018.3\lib\classes\hsqldb.jar;E:/mydownload/myvivado/Vivado/2018.3\lib\classes\jargs.jar;E:/mydownload/myvivado/Vivado/2018.3\lib\classes\jaxb-api-2.3.0.jar;E:/mydownload/myvivado/Vivado/2018.
Launcher Type: generic

Logging:
Log output configuration:
#0: stdout all=warning uptime,level,tags
#1: stderr all=off uptime,level,tags

Environment Variables:
JAVA_HOME=D:\java\java1.8
CLASSPATH=.;D:\java\java1.8\lib\dt.jar;D:\java\java1.8\lib\tools.jar;
PATH=E:/mydownload/myvivado/Vivado/2018.3/bin;E:/mydownload/myvivado/Vivado/2018.3/lib/win64.o;E:/mydownload/myvivado/Vivado/2018.3/tps/win64/jre9.0.4/bin/server;E:/mydownload/myvivado/Vivado/2018.3/tps/win64/jre9.0.4/bin;E:/mydownload/myvivado/SDK/2018.3/bin;E:/mydownload/myvivado/Vivado/2018.3/ids_lite/ISE/bin/nt64;E:/mydownload/myvivado/Vivado/2018.3/ids_lite/ISE/lib/nt64;C:\Program Files\Microsoft\jdk-11.0.16.101-hotspot\bin;C:\Windows\system32;C:\Windows;C:\Windows\System32\Wbem;C:\Windows\System32\WindowsPowerShell\v1.0\;C:\Windows\System32\OpenSSH\;C:\Program Files (x86)\NVIDIA Corporation\PhysX\Common;C:\Program Files\NVIDIA Corporation\NVIDIA NvDLISR;C:\Program Files\dotnet\;D:\java\java1.8\bin;D:\java\java1.8\jre\bin;D:\tomcat\apache-tomcat-8.5.82\lib;D:\tomcat\apache-tomcat-8.5.82\bin;C:\Users\14609\AppData\Local\Microsoft\WindowsApps;;E:\mydownload\PYcharm\PyCharm 2022.3.2\bin;E:/mydownload/myvivado/Vivado/2018.3\tps\mingw\6.2.0\win64.o\nt\bin;E:/mydownload/myvivado/Vivado/2018.3\tps\mingw\6.2.0\win64.o\nt\libexec\gcc\x86_64-w64-mingw32\6.2.0
USERNAME=14609
OS=Windows_NT
PROCESSOR_IDENTIFIER=Intel64 Family 6 Model 165 Stepping 2, GenuineIntel



---------------  S Y S T E M  ---------------

OS: Windows 10 , 64 bit Build 22621 (10.0.22621.2506)

CPU:total 16 (initial active 16) (8 cores per cpu, 2 threads per core) family 6 model 165 stepping 2, cmov, cx8, fxsr, mmx, sse, sse2, sse3, ssse3, sse4.1, sse4.2, popcnt, avx, avx2, aes, clmul, erms, 3dnowpref, lzcnt, ht, tsc, tscinvbit, bmi1, bmi2, adx, fma

Memory: 4k page, physical 16546568k(5049128k free), swap 24155456k(4910900k free)

vm_info: Java HotSpot(TM) 64-Bit Server VM (9.0.4+11) for windows-amd64 JRE (9.0.4+11), built on Dec 20 2017 02:18:54 by "mach5one" with MS VC++ 12.0 (VS2013)

END.
