#-----------------------------------------------------------
# Vivado v2018.3 (64-bit)
# SW Build 2405991 on Thu Dec  6 23:38:27 MST 2018
# IP Build 2404404 on Fri Dec  7 01:43:56 MST 2018
# Start of session at: Sun Mar  9 10:39:42 2025
# Process ID: 22828
# Current directory: E:/mydownload/vivado/vivadofiles/task4
# Command line: vivado.exe -gui_launcher_event rodinguilauncherevent17440 E:\mydownload\vivado\vivadofiles\task4\task4.xpr
# Log file: E:/mydownload/vivado/vivadofiles/task4/vivado.log
# Journal file: E:/mydownload/vivado/vivadofiles/task4\vivado.jou
#-----------------------------------------------------------
start_gui
open_project E:/mydownload/vivado/vivadofiles/task4/task4.xpr
CRITICAL WARNING: [Project 1-19] Could not find the file 'd:/workspacce/文本/大二上/Test_8_Instr1.coe'.
CRITICAL WARNING: [Project 1-19] Could not find the file 'D:/workspacce/文本/大二上/icf.xdc'.
Scanning sources...
Finished scanning sources
INFO: [IP_Flow 19-234] Refreshing IP repositories
INFO: [IP_Flow 19-1704] No user IP repositories specified
INFO: [IP_Flow 19-2313] Loaded Vivado IP repository 'E:/mydownload/myvivado/Vivado/2018.3/data/ip'.
open_project: Time (s): cpu = 00:00:05 ; elapsed = 00:00:05 . Memory (MB): peak = 770.762 ; gain = 110.918
update_compile_order -fileset sources_1
